{"/home/travis/build/npmtest/node-npmtest-react-sparklines/test.js":{"path":"/home/travis/build/npmtest/node-npmtest-react-sparklines/test.js","s":{"1":2,"2":2,"3":2,"4":2,"5":2,"6":2,"7":2,"8":1,"9":2,"10":2,"11":1,"12":1,"13":1,"14":1,"15":2,"16":2,"17":2,"18":2,"19":1,"20":1,"21":2,"22":2,"23":2,"24":1,"25":1,"26":1,"27":1,"28":1,"29":1,"30":1,"31":1,"32":1,"33":1,"34":1,"35":1,"36":1,"37":1,"38":1,"39":2,"40":2,"41":1,"42":2,"43":2,"44":1,"45":2,"46":2,"47":1,"48":2,"49":2,"50":1,"51":1,"52":1,"53":1,"54":1},"b":{"1":[2,1,1,1],"2":[1,1,1,1],"3":[1,1],"4":[1,1],"5":[1,1],"6":[1,1],"7":[1,1],"8":[1,1],"9":[1,1],"10":[1,1,1],"11":[1,1],"12":[1,1],"13":[1,1],"14":[1,1],"15":[1,1],"16":[1,1],"17":[1,1]},"f":{"1":2,"2":2,"3":2,"4":2,"5":2,"6":1,"7":1,"8":1,"9":2,"10":2,"11":2,"12":2,"13":1},"fnMap":{"1":{"name":"(anonymous_1)","line":12,"loc":{"start":{"line":12,"column":1},"end":{"line":12,"column":13}}},"2":{"name":"(anonymous_2)","line":19,"loc":{"start":{"line":19,"column":5},"end":{"line":19,"column":17}}},"3":{"name":"(anonymous_3)","line":23,"loc":{"start":{"line":23,"column":24},"end":{"line":23,"column":36}}},"4":{"name":"(anonymous_4)","line":61,"loc":{"start":{"line":61,"column":5},"end":{"line":61,"column":17}}},"5":{"name":"(anonymous_5)","line":82,"loc":{"start":{"line":82,"column":5},"end":{"line":82,"column":17}}},"6":{"name":"(anonymous_6)","line":91,"loc":{"start":{"line":91,"column":77},"end":{"line":94,"column":10}}},"7":{"name":"(anonymous_7)","line":112,"loc":{"start":{"line":112,"column":83},"end":{"line":115,"column":10}},"skip":true},"8":{"name":"(anonymous_8)","line":123,"loc":{"start":{"line":123,"column":77},"end":{"line":126,"column":10}},"skip":true},"9":{"name":"(anonymous_9)","line":139,"loc":{"start":{"line":139,"column":12},"end":{"line":139,"column":40}},"skip":true},"10":{"name":"(anonymous_10)","line":147,"loc":{"start":{"line":147,"column":77},"end":{"line":150,"column":10}},"skip":true},"11":{"name":"(anonymous_11)","line":158,"loc":{"start":{"line":158,"column":83},"end":{"line":161,"column":10}},"skip":true},"12":{"name":"(anonymous_12)","line":169,"loc":{"start":{"line":169,"column":79},"end":{"line":172,"column":10}},"skip":true},"13":{"name":"(anonymous_13)","line":180,"loc":{"start":{"line":180,"column":75},"end":{"line":183,"column":10}},"skip":true}},"statementMap":{"1":{"start":{"line":12,"column":0},"end":{"line":195,"column":5}},"2":{"start":{"line":14,"column":4},"end":{"line":14,"column":14}},"3":{"start":{"line":19,"column":4},"end":{"line":56,"column":9}},"4":{"start":{"line":21,"column":8},"end":{"line":21,"column":19}},"5":{"start":{"line":23,"column":8},"end":{"line":35,"column":13}},"6":{"start":{"line":24,"column":12},"end":{"line":34,"column":13}},"7":{"start":{"line":25,"column":16},"end":{"line":28,"column":30}},"8":{"start":{"line":30,"column":16},"end":{"line":33,"column":27}},"9":{"start":{"line":37,"column":8},"end":{"line":39,"column":21}},"10":{"start":{"line":40,"column":8},"end":{"line":53,"column":9}},"11":{"start":{"line":43,"column":12},"end":{"line":46,"column":14}},"12":{"start":{"line":47,"column":12},"end":{"line":47,"column":18}},"13":{"start":{"line":50,"column":12},"end":{"line":51,"column":46}},"14":{"start":{"line":52,"column":12},"end":{"line":52,"column":18}},"15":{"start":{"line":55,"column":8},"end":{"line":55,"column":35}},"16":{"start":{"line":61,"column":4},"end":{"line":63,"column":9}},"17":{"start":{"line":62,"column":8},"end":{"line":62,"column":15}},"18":{"start":{"line":64,"column":4},"end":{"line":77,"column":5}},"19":{"start":{"line":70,"column":8},"end":{"line":70,"column":14}},"20":{"start":{"line":76,"column":8},"end":{"line":76,"column":14}},"21":{"start":{"line":82,"column":4},"end":{"line":84,"column":9}},"22":{"start":{"line":83,"column":8},"end":{"line":83,"column":15}},"23":{"start":{"line":85,"column":4},"end":{"line":194,"column":5}},"24":{"start":{"line":91,"column":8},"end":{"line":99,"column":10}},"25":{"start":{"line":98,"column":12},"end":{"line":98,"column":35}},"26":{"start":{"line":102,"column":8},"end":{"line":104,"column":63}},"27":{"start":{"line":105,"column":8},"end":{"line":105,"column":14}},"28":{"start":{"line":112,"column":8},"end":{"line":121,"column":10},"skip":true},"29":{"start":{"line":119,"column":12},"end":{"line":119,"column":55},"skip":true},"30":{"start":{"line":120,"column":12},"end":{"line":120,"column":48},"skip":true},"31":{"start":{"line":123,"column":8},"end":{"line":136,"column":10},"skip":true},"32":{"start":{"line":130,"column":12},"end":{"line":130,"column":76},"skip":true},"33":{"start":{"line":131,"column":12},"end":{"line":131,"column":73},"skip":true},"34":{"start":{"line":132,"column":12},"end":{"line":132,"column":74},"skip":true},"35":{"start":{"line":133,"column":12},"end":{"line":133,"column":79},"skip":true},"36":{"start":{"line":134,"column":12},"end":{"line":134,"column":25},"skip":true},"37":{"start":{"line":135,"column":12},"end":{"line":135,"column":45},"skip":true},"38":{"start":{"line":138,"column":8},"end":{"line":145,"column":14},"skip":true},"39":{"start":{"line":143,"column":16},"end":{"line":143,"column":29},"skip":true},"40":{"start":{"line":144,"column":16},"end":{"line":144,"column":55},"skip":true},"41":{"start":{"line":147,"column":8},"end":{"line":156,"column":10},"skip":true},"42":{"start":{"line":154,"column":12},"end":{"line":154,"column":25},"skip":true},"43":{"start":{"line":155,"column":12},"end":{"line":155,"column":45},"skip":true},"44":{"start":{"line":158,"column":8},"end":{"line":167,"column":10},"skip":true},"45":{"start":{"line":165,"column":12},"end":{"line":165,"column":25},"skip":true},"46":{"start":{"line":166,"column":12},"end":{"line":166,"column":48},"skip":true},"47":{"start":{"line":169,"column":8},"end":{"line":178,"column":10},"skip":true},"48":{"start":{"line":176,"column":12},"end":{"line":176,"column":25},"skip":true},"49":{"start":{"line":177,"column":12},"end":{"line":177,"column":46},"skip":true},"50":{"start":{"line":180,"column":8},"end":{"line":189,"column":10},"skip":true},"51":{"start":{"line":187,"column":12},"end":{"line":187,"column":94},"skip":true},"52":{"start":{"line":188,"column":12},"end":{"line":188,"column":48},"skip":true},"53":{"start":{"line":192,"column":8},"end":{"line":192,"column":35},"skip":true},"54":{"start":{"line":193,"column":8},"end":{"line":193,"column":14},"skip":true}},"branchMap":{"1":{"line":25,"type":"binary-expr","locations":[{"start":{"line":25,"column":23},"end":{"line":25,"column":62}},{"start":{"line":26,"column":20},"end":{"line":26,"column":70}},{"start":{"line":27,"column":20},"end":{"line":27,"column":71}},{"start":{"line":28,"column":20},"end":{"line":28,"column":29}}]},"2":{"line":30,"type":"binary-expr","locations":[{"start":{"line":30,"column":23},"end":{"line":30,"column":37}},{"start":{"line":31,"column":20},"end":{"line":31,"column":61}},{"start":{"line":32,"column":20},"end":{"line":32,"column":70}},{"start":{"line":33,"column":20},"end":{"line":33,"column":26}}]},"3":{"line":37,"type":"cond-expr","locations":[{"start":{"line":38,"column":14},"end":{"line":38,"column":20}},{"start":{"line":39,"column":14},"end":{"line":39,"column":20}}]},"4":{"line":40,"type":"switch","locations":[{"start":{"line":42,"column":8},"end":{"line":47,"column":18}},{"start":{"line":49,"column":8},"end":{"line":52,"column":18}}]},"5":{"line":44,"type":"binary-expr","locations":[{"start":{"line":44,"column":16},"end":{"line":44,"column":44}},{"start":{"line":44,"column":48},"end":{"line":44,"column":66}}]},"6":{"line":50,"type":"binary-expr","locations":[{"start":{"line":50,"column":21},"end":{"line":50,"column":49}},{"start":{"line":50,"column":53},"end":{"line":50,"column":72}}]},"7":{"line":64,"type":"switch","locations":[{"start":{"line":69,"column":4},"end":{"line":70,"column":14}},{"start":{"line":75,"column":4},"end":{"line":76,"column":14}}]},"8":{"line":85,"type":"switch","locations":[{"start":{"line":90,"column":4},"end":{"line":105,"column":14}},{"start":{"line":111,"column":4},"end":{"line":193,"column":14},"skip":true}]},"9":{"line":91,"type":"binary-expr","locations":[{"start":{"line":91,"column":42},"end":{"line":91,"column":73}},{"start":{"line":91,"column":77},"end":{"line":99,"column":9}}]},"10":{"line":102,"type":"binary-expr","locations":[{"start":{"line":102,"column":18},"end":{"line":102,"column":32}},{"start":{"line":103,"column":12},"end":{"line":103,"column":53}},{"start":{"line":104,"column":12},"end":{"line":104,"column":61}}]},"11":{"line":112,"type":"binary-expr","locations":[{"start":{"line":112,"column":45},"end":{"line":112,"column":79},"skip":true},{"start":{"line":112,"column":83},"end":{"line":121,"column":9},"skip":true}]},"12":{"line":123,"type":"binary-expr","locations":[{"start":{"line":123,"column":42},"end":{"line":123,"column":73},"skip":true},{"start":{"line":123,"column":77},"end":{"line":136,"column":9},"skip":true}]},"13":{"line":138,"type":"binary-expr","locations":[{"start":{"line":138,"column":48},"end":{"line":138,"column":85},"skip":true},{"start":{"line":139,"column":12},"end":{"line":145,"column":13},"skip":true}]},"14":{"line":147,"type":"binary-expr","locations":[{"start":{"line":147,"column":42},"end":{"line":147,"column":73},"skip":true},{"start":{"line":147,"column":77},"end":{"line":156,"column":9},"skip":true}]},"15":{"line":158,"type":"binary-expr","locations":[{"start":{"line":158,"column":45},"end":{"line":158,"column":79},"skip":true},{"start":{"line":158,"column":83},"end":{"line":167,"column":9},"skip":true}]},"16":{"line":169,"type":"binary-expr","locations":[{"start":{"line":169,"column":43},"end":{"line":169,"column":75},"skip":true},{"start":{"line":169,"column":79},"end":{"line":178,"column":9},"skip":true}]},"17":{"line":180,"type":"binary-expr","locations":[{"start":{"line":180,"column":41},"end":{"line":180,"column":71},"skip":true},{"start":{"line":180,"column":75},"end":{"line":189,"column":9},"skip":true}]}},"code":["/* istanbul instrument in package npmtest_react_sparklines */","/*jslint","    bitwise: true,","    browser: true,","    maxerr: 8,","    maxlen: 96,","    node: true,","    nomen: true,","    regexp: true,","    stupid: true","*/","(function () {","    'use strict';","    var local;","","","","    // run shared js-env code - pre-init","    (function () {","        // init local","        local = {};","        // init modeJs","        local.modeJs = (function () {","            try {","                return typeof navigator.userAgent === 'string' &&","                    typeof document.querySelector('body') === 'object' &&","                    typeof XMLHttpRequest.prototype.open === 'function' &&","                    'browser';","            } catch (errorCaughtBrowser) {","                return module.exports &&","                    typeof process.versions.node === 'string' &&","                    typeof require('http').createServer === 'function' &&","                    'node';","            }","        }());","        // init global","        local.global = local.modeJs === 'browser'","            ? window","            : global;","        switch (local.modeJs) {","        // re-init local from window.local","        case 'browser':","            local = local.global.utility2.objectSetDefault(","                local.global.utility2_rollup || local.global.local,","                local.global.utility2","            );","            break;","        // re-init local from example.js","        case 'node':","            local = (local.global.utility2_rollup || require('utility2'))","                .requireExampleJsFromReadme();","            break;","        }","        // export local","        local.global.local = local;","    }());","","","","    // run shared js-env code - function","    (function () {","        return;","    }());","    switch (local.modeJs) {","","","","    // run browser js-env code - function","    case 'browser':","        break;","","","","    // run node js-env code - function","    case 'node':","        break;","    }","","","","    // run shared js-env code - post-init","    (function () {","        return;","    }());","    switch (local.modeJs) {","","","","    // run browser js-env code - post-init","    case 'browser':","        local.testCase_browser_nullCase = local.testCase_browser_nullCase || function (","            options,","            onError","        ) {","        /*","         * this function will test browsers's null-case handling-behavior-behavior","         */","            onError(null, options);","        };","","        // run tests","        local.nop(local.modeTest &&","            document.querySelector('#testRunButton1') &&","            document.querySelector('#testRunButton1').click());","        break;","","","","    // run node js-env code - post-init","    /* istanbul ignore next */","    case 'node':","        local.testCase_buildApidoc_default = local.testCase_buildApidoc_default || function (","            options,","            onError","        ) {","        /*","         * this function will test buildApidoc's default handling-behavior-behavior","         */","            options = { modulePathList: module.paths };","            local.buildApidoc(options, onError);","        };","","        local.testCase_buildApp_default = local.testCase_buildApp_default || function (","            options,","            onError","        ) {","        /*","         * this function will test buildApp's default handling-behavior-behavior","         */","            local.testCase_buildReadme_default(options, local.onErrorThrow);","            local.testCase_buildLib_default(options, local.onErrorThrow);","            local.testCase_buildTest_default(options, local.onErrorThrow);","            local.testCase_buildCustomOrg_default(options, local.onErrorThrow);","            options = [];","            local.buildApp(options, onError);","        };","","        local.testCase_buildCustomOrg_default = local.testCase_buildCustomOrg_default ||","            function (options, onError) {","            /*","             * this function will test buildCustomOrg's default handling-behavior","             */","                options = {};","                local.buildCustomOrg(options, onError);","            };","","        local.testCase_buildLib_default = local.testCase_buildLib_default || function (","            options,","            onError","        ) {","        /*","         * this function will test buildLib's default handling-behavior","         */","            options = {};","            local.buildLib(options, onError);","        };","","        local.testCase_buildReadme_default = local.testCase_buildReadme_default || function (","            options,","            onError","        ) {","        /*","         * this function will test buildReadme's default handling-behavior-behavior","         */","            options = {};","            local.buildReadme(options, onError);","        };","","        local.testCase_buildTest_default = local.testCase_buildTest_default || function (","            options,","            onError","        ) {","        /*","         * this function will test buildTest's default handling-behavior","         */","            options = {};","            local.buildTest(options, onError);","        };","","        local.testCase_webpage_default = local.testCase_webpage_default || function (","            options,","            onError","        ) {","        /*","         * this function will test webpage's default handling-behavior","         */","            options = { modeCoverageMerge: true, url: local.serverLocalHost + '?modeTest=1' };","            local.browserTest(options, onError);","        };","","        // run test-server","        local.testRunServer(local);","        break;","    }","}());",""],"l":{"12":2,"14":2,"19":2,"21":2,"23":2,"24":2,"25":2,"30":1,"37":2,"40":2,"43":1,"47":1,"50":1,"52":1,"55":2,"61":2,"62":2,"64":2,"70":1,"76":1,"82":2,"83":2,"85":2,"91":1,"98":1,"102":1,"105":1,"112":1,"119":1,"120":1,"123":1,"130":1,"131":1,"132":1,"133":1,"134":1,"135":1,"138":1,"143":2,"144":2,"147":1,"154":2,"155":2,"158":1,"165":2,"166":2,"169":1,"176":2,"177":2,"180":1,"187":1,"188":1,"192":1,"193":1}},"/home/travis/build/npmtest/node-npmtest-react-sparklines/lib.npmtest_react_sparklines.js":{"path":"/home/travis/build/npmtest/node-npmtest-react-sparklines/lib.npmtest_react_sparklines.js","s":{"1":2,"2":2,"3":2,"4":2,"5":2,"6":2,"7":2,"8":1,"9":2,"10":2,"11":2,"12":2,"13":1,"14":1,"15":1,"16":1},"b":{"1":[2,1,1,1],"2":[1,1,1,1],"3":[1,1],"4":[2,2],"5":[1,1]},"f":{"1":2,"2":2,"3":2},"fnMap":{"1":{"name":"(anonymous_1)","line":12,"loc":{"start":{"line":12,"column":1},"end":{"line":12,"column":13}}},"2":{"name":"(anonymous_2)","line":19,"loc":{"start":{"line":19,"column":5},"end":{"line":19,"column":17}}},"3":{"name":"(anonymous_3)","line":23,"loc":{"start":{"line":23,"column":24},"end":{"line":23,"column":36}}}},"statementMap":{"1":{"start":{"line":12,"column":0},"end":{"line":53,"column":5}},"2":{"start":{"line":14,"column":4},"end":{"line":14,"column":14}},"3":{"start":{"line":19,"column":4},"end":{"line":52,"column":9}},"4":{"start":{"line":21,"column":8},"end":{"line":21,"column":19}},"5":{"start":{"line":23,"column":8},"end":{"line":35,"column":13}},"6":{"start":{"line":24,"column":12},"end":{"line":34,"column":13}},"7":{"start":{"line":25,"column":16},"end":{"line":28,"column":30}},"8":{"start":{"line":30,"column":16},"end":{"line":33,"column":27}},"9":{"start":{"line":37,"column":8},"end":{"line":39,"column":21}},"10":{"start":{"line":41,"column":8},"end":{"line":41,"column":54}},"11":{"start":{"line":43,"column":8},"end":{"line":43,"column":61}},"12":{"start":{"line":45,"column":8},"end":{"line":51,"column":9}},"13":{"start":{"line":46,"column":12},"end":{"line":46,"column":67}},"14":{"start":{"line":48,"column":12},"end":{"line":48,"column":35}},"15":{"start":{"line":49,"column":12},"end":{"line":49,"column":49}},"16":{"start":{"line":50,"column":12},"end":{"line":50,"column":43}}},"branchMap":{"1":{"line":25,"type":"binary-expr","locations":[{"start":{"line":25,"column":23},"end":{"line":25,"column":62}},{"start":{"line":26,"column":20},"end":{"line":26,"column":70}},{"start":{"line":27,"column":20},"end":{"line":27,"column":71}},{"start":{"line":28,"column":20},"end":{"line":28,"column":29}}]},"2":{"line":30,"type":"binary-expr","locations":[{"start":{"line":30,"column":23},"end":{"line":30,"column":37}},{"start":{"line":31,"column":20},"end":{"line":31,"column":61}},{"start":{"line":32,"column":20},"end":{"line":32,"column":70}},{"start":{"line":33,"column":20},"end":{"line":33,"column":26}}]},"3":{"line":37,"type":"cond-expr","locations":[{"start":{"line":38,"column":14},"end":{"line":38,"column":20}},{"start":{"line":39,"column":14},"end":{"line":39,"column":20}}]},"4":{"line":41,"type":"binary-expr","locations":[{"start":{"line":41,"column":16},"end":{"line":41,"column":44}},{"start":{"line":41,"column":48},"end":{"line":41,"column":53}}]},"5":{"line":45,"type":"if","locations":[{"start":{"line":45,"column":8},"end":{"line":45,"column":8}},{"start":{"line":45,"column":8},"end":{"line":45,"column":8}}]}},"code":["/* istanbul instrument in package npmtest_react_sparklines */","/*jslint","    bitwise: true,","    browser: true,","    maxerr: 8,","    maxlen: 96,","    node: true,","    nomen: true,","    regexp: true,","    stupid: true","*/","(function () {","    'use strict';","    var local;","","","","    // run shared js-env code - pre-init","    (function () {","        // init local","        local = {};","        // init modeJs","        local.modeJs = (function () {","            try {","                return typeof navigator.userAgent === 'string' &&","                    typeof document.querySelector('body') === 'object' &&","                    typeof XMLHttpRequest.prototype.open === 'function' &&","                    'browser';","            } catch (errorCaughtBrowser) {","                return module.exports &&","                    typeof process.versions.node === 'string' &&","                    typeof require('http').createServer === 'function' &&","                    'node';","            }","        }());","        // init global","        local.global = local.modeJs === 'browser'","            ? window","            : global;","        // init utility2_rollup","        local = local.global.utility2_rollup || local;","        // init lib","        local.local = local.npmtest_react_sparklines = local;","        // init exports","        if (local.modeJs === 'browser') {","            local.global.utility2_npmtest_react_sparklines = local;","        } else {","            module.exports = local;","            module.exports.__dirname = __dirname;","            module.exports.module = module;","        }","    }());","}());",""],"l":{"12":2,"14":2,"19":2,"21":2,"23":2,"24":2,"25":2,"30":1,"37":2,"41":2,"43":2,"45":2,"46":1,"48":1,"49":1,"50":1}},"/home/travis/build/npmtest/node-npmtest-react-sparklines/example.js":{"path":"/home/travis/build/npmtest/node-npmtest-react-sparklines/example.js","s":{"1":2,"2":2,"3":2,"4":2,"5":2,"6":2,"7":2,"8":1,"9":2,"10":2,"11":2,"12":2,"13":1,"14":2,"15":2,"16":2,"17":2,"18":2,"19":0,"20":2,"21":1,"22":1,"23":1,"24":1,"25":1,"26":0,"27":0,"28":1,"29":1,"30":2,"31":0,"32":0,"33":0,"34":1,"35":2,"36":2,"37":3,"38":3,"39":3,"40":3,"41":0,"42":3,"43":3,"44":3,"45":1,"46":3,"47":1,"48":1,"49":1,"50":1,"51":1,"52":1,"53":1,"54":1,"55":1,"56":1,"57":0,"58":1,"59":6,"60":6,"61":1,"62":2,"63":0,"64":2,"65":1,"66":1,"67":0,"68":0,"69":0,"70":0,"71":0,"72":0,"73":0,"74":0,"75":0,"76":0,"77":0,"78":0,"79":0,"80":0,"81":0,"82":0,"83":0},"b":{"1":[2,1,1,1],"2":[1,1,1,1],"3":[1,1],"4":[2,2],"5":[1,1],"6":[1,1],"7":[2,0],"8":[2,1,1,1,1,1],"9":[0,2,0],"10":[1,1],"11":[2,1,1],"12":[1,0],"13":[0,2],"14":[2,0,0,0,0,0,0],"15":[0,3],"16":[3,0],"17":[1,1],"18":[0,1],"19":[1,2,0,2],"20":[1,0],"21":[1,1],"22":[0,0],"23":[0,0],"24":[0,0],"25":[0,0],"26":[0,0],"27":[0,0],"28":[0,0]},"f":{"1":2,"2":2,"3":2,"4":2,"5":2,"6":2,"7":3,"8":3,"9":3,"10":1,"11":6,"12":0},"fnMap":{"1":{"name":"(anonymous_1)","line":26,"loc":{"start":{"line":26,"column":1},"end":{"line":26,"column":13}}},"2":{"name":"(anonymous_2)","line":33,"loc":{"start":{"line":33,"column":5},"end":{"line":33,"column":17}}},"3":{"name":"(anonymous_3)","line":37,"loc":{"start":{"line":37,"column":24},"end":{"line":37,"column":36}}},"4":{"name":"(anonymous_4)","line":69,"loc":{"start":{"line":69,"column":31},"end":{"line":69,"column":48}},"skip":true},"5":{"name":"(anonymous_5)","line":78,"loc":{"start":{"line":78,"column":26},"end":{"line":78,"column":45}},"skip":true},"6":{"name":"(anonymous_6)","line":123,"loc":{"start":{"line":123,"column":33},"end":{"line":123,"column":48}},"skip":true},"7":{"name":"(anonymous_7)","line":125,"loc":{"start":{"line":125,"column":27},"end":{"line":125,"column":39}},"skip":true},"8":{"name":"(anonymous_8)","line":133,"loc":{"start":{"line":133,"column":59},"end":{"line":133,"column":74}},"skip":true},"9":{"name":"(anonymous_9)","line":143,"loc":{"start":{"line":143,"column":45},"end":{"line":143,"column":62}},"skip":true},"10":{"name":"(anonymous_10)","line":144,"loc":{"start":{"line":144,"column":73},"end":{"line":144,"column":92}},"skip":true},"11":{"name":"(anonymous_11)","line":272,"loc":{"start":{"line":272,"column":51},"end":{"line":272,"column":77}},"skip":true},"12":{"name":"(anonymous_12)","line":315,"loc":{"start":{"line":315,"column":32},"end":{"line":315,"column":61}},"skip":true}},"statementMap":{"1":{"start":{"line":26,"column":0},"end":{"line":326,"column":5}},"2":{"start":{"line":28,"column":4},"end":{"line":28,"column":14}},"3":{"start":{"line":33,"column":4},"end":{"line":60,"column":9}},"4":{"start":{"line":35,"column":8},"end":{"line":35,"column":19}},"5":{"start":{"line":37,"column":8},"end":{"line":49,"column":13}},"6":{"start":{"line":38,"column":12},"end":{"line":48,"column":13}},"7":{"start":{"line":39,"column":16},"end":{"line":42,"column":30}},"8":{"start":{"line":44,"column":16},"end":{"line":47,"column":27}},"9":{"start":{"line":51,"column":8},"end":{"line":53,"column":21}},"10":{"start":{"line":55,"column":8},"end":{"line":57,"column":45}},"11":{"start":{"line":59,"column":8},"end":{"line":59,"column":35}},"12":{"start":{"line":61,"column":4},"end":{"line":325,"column":5}},"13":{"start":{"line":69,"column":8},"end":{"line":121,"column":10},"skip":true},"14":{"start":{"line":70,"column":12},"end":{"line":88,"column":13},"skip":true},"15":{"start":{"line":76,"column":16},"end":{"line":87,"column":19},"skip":true},"16":{"start":{"line":79,"column":20},"end":{"line":86,"column":21},"skip":true},"17":{"start":{"line":82,"column":24},"end":{"line":82,"column":43},"skip":true},"18":{"start":{"line":83,"column":24},"end":{"line":83,"column":30},"skip":true},"19":{"start":{"line":85,"column":24},"end":{"line":85,"column":49},"skip":true},"20":{"start":{"line":89,"column":12},"end":{"line":107,"column":13},"skip":true},"21":{"start":{"line":92,"column":16},"end":{"line":102,"column":17},"skip":true},"22":{"start":{"line":93,"column":20},"end":{"line":93,"column":86},"skip":true},"23":{"start":{"line":94,"column":20},"end":{"line":95,"column":45},"skip":true},"24":{"start":{"line":96,"column":20},"end":{"line":96,"column":42},"skip":true},"25":{"start":{"line":97,"column":20},"end":{"line":97,"column":48},"skip":true},"26":{"start":{"line":100,"column":20},"end":{"line":100,"column":85},"skip":true},"27":{"start":{"line":101,"column":20},"end":{"line":101,"column":96},"skip":true},"28":{"start":{"line":103,"column":16},"end":{"line":103,"column":22},"skip":true},"29":{"start":{"line":106,"column":16},"end":{"line":106,"column":22},"skip":true},"30":{"start":{"line":108,"column":12},"end":{"line":120,"column":13},"skip":true},"31":{"start":{"line":114,"column":16},"end":{"line":119,"column":17},"skip":true},"32":{"start":{"line":116,"column":20},"end":{"line":116,"column":78},"skip":true},"33":{"start":{"line":118,"column":20},"end":{"line":118,"column":47},"skip":true},"34":{"start":{"line":123,"column":8},"end":{"line":141,"column":11},"skip":true},"35":{"start":{"line":124,"column":12},"end":{"line":124,"column":54},"skip":true},"36":{"start":{"line":125,"column":12},"end":{"line":140,"column":14},"skip":true},"37":{"start":{"line":126,"column":16},"end":{"line":126,"column":28},"skip":true},"38":{"start":{"line":127,"column":16},"end":{"line":127,"column":69},"skip":true},"39":{"start":{"line":128,"column":16},"end":{"line":128,"column":75},"skip":true},"40":{"start":{"line":129,"column":16},"end":{"line":131,"column":17},"skip":true},"41":{"start":{"line":130,"column":20},"end":{"line":130,"column":27},"skip":true},"42":{"start":{"line":133,"column":16},"end":{"line":137,"column":36},"skip":true},"43":{"start":{"line":134,"column":20},"end":{"line":136,"column":55},"skip":true},"44":{"start":{"line":139,"column":16},"end":{"line":139,"column":57},"skip":true},"45":{"start":{"line":143,"column":8},"end":{"line":147,"column":11},"skip":true},"46":{"start":{"line":144,"column":12},"end":{"line":146,"column":15},"skip":true},"47":{"start":{"line":145,"column":16},"end":{"line":145,"column":70},"skip":true},"48":{"start":{"line":149,"column":8},"end":{"line":149,"column":31},"skip":true},"49":{"start":{"line":150,"column":8},"end":{"line":150,"column":14},"skip":true},"50":{"start":{"line":158,"column":8},"end":{"line":158,"column":31},"skip":true},"51":{"start":{"line":160,"column":8},"end":{"line":160,"column":33},"skip":true},"52":{"start":{"line":161,"column":8},"end":{"line":161,"column":37},"skip":true},"53":{"start":{"line":162,"column":8},"end":{"line":162,"column":35},"skip":true},"54":{"start":{"line":164,"column":8},"end":{"line":164,"column":50},"skip":true},"55":{"start":{"line":166,"column":8},"end":{"line":256,"column":2},"skip":true},"56":{"start":{"line":258,"column":8},"end":{"line":286,"column":9},"skip":true},"57":{"start":{"line":259,"column":12},"end":{"line":269,"column":14},"skip":true},"58":{"start":{"line":271,"column":12},"end":{"line":285,"column":19},"skip":true},"59":{"start":{"line":274,"column":20},"end":{"line":274,"column":35},"skip":true},"60":{"start":{"line":275,"column":20},"end":{"line":284,"column":21},"skip":true},"61":{"start":{"line":277,"column":24},"end":{"line":277,"column":64},"skip":true},"62":{"start":{"line":279,"column":24},"end":{"line":279,"column":40},"skip":true},"63":{"start":{"line":281,"column":24},"end":{"line":281,"column":40},"skip":true},"64":{"start":{"line":283,"column":24},"end":{"line":283,"column":39},"skip":true},"65":{"start":{"line":288,"column":8},"end":{"line":290,"column":9},"skip":true},"66":{"start":{"line":289,"column":12},"end":{"line":289,"column":18},"skip":true},"67":{"start":{"line":291,"column":8},"end":{"line":293,"column":54},"skip":true},"68":{"start":{"line":296,"column":8},"end":{"line":301,"column":37},"skip":true},"69":{"start":{"line":303,"column":8},"end":{"line":303,"column":82},"skip":true},"70":{"start":{"line":306,"column":8},"end":{"line":308,"column":9},"skip":true},"71":{"start":{"line":307,"column":12},"end":{"line":307,"column":82},"skip":true},"72":{"start":{"line":310,"column":8},"end":{"line":312,"column":9},"skip":true},"73":{"start":{"line":311,"column":12},"end":{"line":311,"column":18},"skip":true},"74":{"start":{"line":313,"column":8},"end":{"line":313,"column":54},"skip":true},"75":{"start":{"line":314,"column":8},"end":{"line":314,"column":69},"skip":true},"76":{"start":{"line":315,"column":8},"end":{"line":323,"column":36},"skip":true},"77":{"start":{"line":316,"column":12},"end":{"line":316,"column":61},"skip":true},"78":{"start":{"line":317,"column":12},"end":{"line":320,"column":13},"skip":true},"79":{"start":{"line":318,"column":16},"end":{"line":318,"column":75},"skip":true},"80":{"start":{"line":319,"column":16},"end":{"line":319,"column":23},"skip":true},"81":{"start":{"line":321,"column":12},"end":{"line":321,"column":38},"skip":true},"82":{"start":{"line":322,"column":12},"end":{"line":322,"column":27},"skip":true},"83":{"start":{"line":324,"column":8},"end":{"line":324,"column":14},"skip":true}},"branchMap":{"1":{"line":39,"type":"binary-expr","locations":[{"start":{"line":39,"column":23},"end":{"line":39,"column":62}},{"start":{"line":40,"column":20},"end":{"line":40,"column":70}},{"start":{"line":41,"column":20},"end":{"line":41,"column":71}},{"start":{"line":42,"column":20},"end":{"line":42,"column":29}}]},"2":{"line":44,"type":"binary-expr","locations":[{"start":{"line":44,"column":23},"end":{"line":44,"column":37}},{"start":{"line":45,"column":20},"end":{"line":45,"column":61}},{"start":{"line":46,"column":20},"end":{"line":46,"column":70}},{"start":{"line":47,"column":20},"end":{"line":47,"column":26}}]},"3":{"line":51,"type":"cond-expr","locations":[{"start":{"line":52,"column":14},"end":{"line":52,"column":20}},{"start":{"line":53,"column":14},"end":{"line":53,"column":20}}]},"4":{"line":55,"type":"binary-expr","locations":[{"start":{"line":55,"column":16},"end":{"line":55,"column":44}},{"start":{"line":55,"column":49},"end":{"line":57,"column":43}}]},"5":{"line":55,"type":"cond-expr","locations":[{"start":{"line":56,"column":14},"end":{"line":56,"column":60}},{"start":{"line":57,"column":14},"end":{"line":57,"column":43}}]},"6":{"line":61,"type":"switch","locations":[{"start":{"line":68,"column":4},"end":{"line":150,"column":14},"skip":true},{"start":{"line":156,"column":4},"end":{"line":324,"column":14},"skip":true}]},"7":{"line":70,"type":"if","locations":[{"start":{"line":70,"column":12},"end":{"line":70,"column":12},"skip":true},{"start":{"line":70,"column":12},"end":{"line":70,"column":12},"skip":true}]},"8":{"line":70,"type":"binary-expr","locations":[{"start":{"line":70,"column":16},"end":{"line":70,"column":22},"skip":true},{"start":{"line":70,"column":27},"end":{"line":70,"column":32},"skip":true},{"start":{"line":71,"column":20},"end":{"line":71,"column":39},"skip":true},{"start":{"line":72,"column":20},"end":{"line":72,"column":49},"skip":true},{"start":{"line":73,"column":20},"end":{"line":73,"column":58},"skip":true},{"start":{"line":74,"column":20},"end":{"line":74,"column":69},"skip":true}]},"9":{"line":79,"type":"switch","locations":[{"start":{"line":80,"column":20},"end":{"line":80,"column":33},"skip":true},{"start":{"line":81,"column":20},"end":{"line":83,"column":30},"skip":true},{"start":{"line":84,"column":20},"end":{"line":85,"column":49},"skip":true}]},"10":{"line":89,"type":"switch","locations":[{"start":{"line":90,"column":12},"end":{"line":103,"column":22},"skip":true},{"start":{"line":105,"column":12},"end":{"line":106,"column":22},"skip":true}]},"11":{"line":89,"type":"binary-expr","locations":[{"start":{"line":89,"column":20},"end":{"line":89,"column":25},"skip":true},{"start":{"line":89,"column":29},"end":{"line":89,"column":48},"skip":true},{"start":{"line":89,"column":52},"end":{"line":89,"column":74},"skip":true}]},"12":{"line":92,"type":"if","locations":[{"start":{"line":92,"column":16},"end":{"line":92,"column":16},"skip":true},{"start":{"line":92,"column":16},"end":{"line":92,"column":16},"skip":true}]},"13":{"line":108,"type":"if","locations":[{"start":{"line":108,"column":12},"end":{"line":108,"column":12},"skip":true},{"start":{"line":108,"column":12},"end":{"line":108,"column":12},"skip":true}]},"14":{"line":108,"type":"binary-expr","locations":[{"start":{"line":108,"column":16},"end":{"line":108,"column":61},"skip":true},{"start":{"line":108,"column":66},"end":{"line":108,"column":72},"skip":true},{"start":{"line":108,"column":77},"end":{"line":108,"column":82},"skip":true},{"start":{"line":109,"column":20},"end":{"line":109,"column":39},"skip":true},{"start":{"line":110,"column":20},"end":{"line":110,"column":49},"skip":true},{"start":{"line":111,"column":20},"end":{"line":111,"column":58},"skip":true},{"start":{"line":112,"column":20},"end":{"line":112,"column":68},"skip":true}]},"15":{"line":129,"type":"if","locations":[{"start":{"line":129,"column":16},"end":{"line":129,"column":16},"skip":true},{"start":{"line":129,"column":16},"end":{"line":129,"column":16},"skip":true}]},"16":{"line":134,"type":"cond-expr","locations":[{"start":{"line":135,"column":26},"end":{"line":135,"column":29},"skip":true},{"start":{"line":136,"column":26},"end":{"line":136,"column":54},"skip":true}]},"17":{"line":164,"type":"binary-expr","locations":[{"start":{"line":164,"column":27},"end":{"line":164,"column":43},"skip":true},{"start":{"line":164,"column":47},"end":{"line":164,"column":49},"skip":true}]},"18":{"line":258,"type":"if","locations":[{"start":{"line":258,"column":8},"end":{"line":258,"column":8},"skip":true},{"start":{"line":258,"column":8},"end":{"line":258,"column":8},"skip":true}]},"19":{"line":275,"type":"switch","locations":[{"start":{"line":276,"column":20},"end":{"line":277,"column":64},"skip":true},{"start":{"line":278,"column":20},"end":{"line":279,"column":40},"skip":true},{"start":{"line":280,"column":20},"end":{"line":281,"column":40},"skip":true},{"start":{"line":282,"column":20},"end":{"line":283,"column":39},"skip":true}]},"20":{"line":288,"type":"if","locations":[{"start":{"line":288,"column":8},"end":{"line":288,"column":8},"skip":true},{"start":{"line":288,"column":8},"end":{"line":288,"column":8},"skip":true}]},"21":{"line":288,"type":"binary-expr","locations":[{"start":{"line":288,"column":12},"end":{"line":288,"column":40},"skip":true},{"start":{"line":288,"column":44},"end":{"line":288,"column":67},"skip":true}]},"22":{"line":292,"type":"binary-expr","locations":[{"start":{"line":292,"column":12},"end":{"line":292,"column":50},"skip":true},{"start":{"line":293,"column":12},"end":{"line":293,"column":53},"skip":true}]},"23":{"line":297,"type":"binary-expr","locations":[{"start":{"line":297,"column":12},"end":{"line":297,"column":74},"skip":true},{"start":{"line":298,"column":12},"end":{"line":301,"column":36},"skip":true}]},"24":{"line":303,"type":"binary-expr","locations":[{"start":{"line":303,"column":43},"end":{"line":303,"column":75},"skip":true},{"start":{"line":303,"column":79},"end":{"line":303,"column":81},"skip":true}]},"25":{"line":306,"type":"if","locations":[{"start":{"line":306,"column":8},"end":{"line":306,"column":8},"skip":true},{"start":{"line":306,"column":8},"end":{"line":306,"column":8},"skip":true}]},"26":{"line":310,"type":"if","locations":[{"start":{"line":310,"column":8},"end":{"line":310,"column":8},"skip":true},{"start":{"line":310,"column":8},"end":{"line":310,"column":8},"skip":true}]},"27":{"line":313,"type":"binary-expr","locations":[{"start":{"line":313,"column":27},"end":{"line":313,"column":43},"skip":true},{"start":{"line":313,"column":47},"end":{"line":313,"column":53},"skip":true}]},"28":{"line":317,"type":"if","locations":[{"start":{"line":317,"column":12},"end":{"line":317,"column":12},"skip":true},{"start":{"line":317,"column":12},"end":{"line":317,"column":12},"skip":true}]}},"code":["/*","example.js","","quickstart example","","instruction","    1. save this script as example.js","    2. run the shell command:","        $ npm install npmtest-react-sparklines && PORT=8081 node example.js","    3. play with the browser-demo on http://127.0.0.1:8081","*/","","","","/* istanbul instrument in package npmtest_react_sparklines */","/*jslint","    bitwise: true,","    browser: true,","    maxerr: 8,","    maxlen: 96,","    node: true,","    nomen: true,","    regexp: true,","    stupid: true","*/","(function () {","    'use strict';","    var local;","","","","    // run shared js-env code - pre-init","    (function () {","        // init local","        local = {};","        // init modeJs","        local.modeJs = (function () {","            try {","                return typeof navigator.userAgent === 'string' &&","                    typeof document.querySelector('body') === 'object' &&","                    typeof XMLHttpRequest.prototype.open === 'function' &&","                    'browser';","            } catch (errorCaughtBrowser) {","                return module.exports &&","                    typeof process.versions.node === 'string' &&","                    typeof require('http').createServer === 'function' &&","                    'node';","            }","        }());","        // init global","        local.global = local.modeJs === 'browser'","            ? window","            : global;","        // init utility2_rollup","        local = local.global.utility2_rollup || (local.modeJs === 'browser'","            ? local.global.utility2_npmtest_react_sparklines","            : global.utility2_moduleExports);","        // export local","        local.global.local = local;","    }());","    switch (local.modeJs) {","","","","    // post-init","    // run browser js-env code - post-init","    /* istanbul ignore next */","    case 'browser':","        local.testRunBrowser = function (event) {","            if (!event || (event &&","                    event.currentTarget &&","                    event.currentTarget.className &&","                    event.currentTarget.className.includes &&","                    event.currentTarget.className.includes('onreset'))) {","                // reset output","                Array.from(","                    document.querySelectorAll('body > .resettable')","                ).forEach(function (element) {","                    switch (element.tagName) {","                    case 'INPUT':","                    case 'TEXTAREA':","                        element.value = '';","                        break;","                    default:","                        element.textContent = '';","                    }","                });","            }","            switch (event && event.currentTarget && event.currentTarget.id) {","            case 'testRunButton1':","                // show tests","                if (document.querySelector('#testReportDiv1').style.display === 'none') {","                    document.querySelector('#testReportDiv1').style.display = 'block';","                    document.querySelector('#testRunButton1').textContent =","                        'hide internal test';","                    local.modeTest = true;","                    local.testRunDefault(local);","                // hide tests","                } else {","                    document.querySelector('#testReportDiv1').style.display = 'none';","                    document.querySelector('#testRunButton1').textContent = 'run internal test';","                }","                break;","            // custom-case","            default:","                break;","            }","            if (document.querySelector('#inputTextareaEval1') && (!event || (event &&","                    event.currentTarget &&","                    event.currentTarget.className &&","                    event.currentTarget.className.includes &&","                    event.currentTarget.className.includes('oneval')))) {","                // try to eval input-code","                try {","                    /*jslint evil: true*/","                    eval(document.querySelector('#inputTextareaEval1').value);","                } catch (errorCaught) {","                    console.error(errorCaught);","                }","            }","        };","        // log stderr and stdout to #outputTextareaStdout1","        ['error', 'log'].forEach(function (key) {","            console[key + '_original'] = console[key];","            console[key] = function () {","                var element;","                console[key + '_original'].apply(console, arguments);","                element = document.querySelector('#outputTextareaStdout1');","                if (!element) {","                    return;","                }","                // append text to #outputTextareaStdout1","                element.value += Array.from(arguments).map(function (arg) {","                    return typeof arg === 'string'","                        ? arg","                        : JSON.stringify(arg, null, 4);","                }).join(' ') + '\\n';","                // scroll textarea to bottom","                element.scrollTop = element.scrollHeight;","            };","        });","        // init event-handling","        ['change', 'click', 'keyup'].forEach(function (event) {","            Array.from(document.querySelectorAll('.on' + event)).forEach(function (element) {","                element.addEventListener(event, local.testRunBrowser);","            });","        });","        // run tests","        local.testRunBrowser();","        break;","","","","    // run node js-env code - post-init","    /* istanbul ignore next */","    case 'node':","        // export local","        module.exports = local;","        // require modules","        local.fs = require('fs');","        local.http = require('http');","        local.url = require('url');","        // init assets","        local.assetsDict = local.assetsDict || {};","        /* jslint-ignore-begin */","        local.assetsDict['/assets.index.template.html'] = '\\","<!doctype html>\\n\\","<html lang=\"en\">\\n\\","<head>\\n\\","<meta charset=\"UTF-8\">\\n\\","<meta name=\"viewport\" content=\"width=device-width, initial-scale=1\">\\n\\","<title>{{env.npm_package_name}} (v{{env.npm_package_version}})</title>\\n\\","<style>\\n\\","/*csslint\\n\\","    box-sizing: false,\\n\\","    universal-selector: false\\n\\","*/\\n\\","* {\\n\\","    box-sizing: border-box;\\n\\","}\\n\\","body {\\n\\","    background: #dde;\\n\\","    font-family: Arial, Helvetica, sans-serif;\\n\\","    margin: 2rem;\\n\\","}\\n\\","body > * {\\n\\","    margin-bottom: 1rem;\\n\\","}\\n\\",".utility2FooterDiv {\\n\\","    margin-top: 20px;\\n\\","    text-align: center;\\n\\","}\\n\\","</style>\\n\\","<style>\\n\\","/*csslint\\n\\","*/\\n\\","textarea {\\n\\","    font-family: monospace;\\n\\","    height: 10rem;\\n\\","    width: 100%;\\n\\","}\\n\\","textarea[readonly] {\\n\\","    background: #ddd;\\n\\","}\\n\\","</style>\\n\\","</head>\\n\\","<body>\\n\\","<!-- utility2-comment\\n\\","<div id=\"ajaxProgressDiv1\" style=\"background: #d00; height: 2px; left: 0; margin: 0; padding: 0; position: fixed; top: 0; transition: background 0.5s, width 1.5s; width: 25%;\"></div>\\n\\","utility2-comment -->\\n\\","<h1>\\n\\","<!-- utility2-comment\\n\\","    <a\\n\\","        {{#if env.npm_package_homepage}}\\n\\","        href=\"{{env.npm_package_homepage}}\"\\n\\","        {{/if env.npm_package_homepage}}\\n\\","        target=\"_blank\"\\n\\","    >\\n\\","utility2-comment -->\\n\\","        {{env.npm_package_name}} (v{{env.npm_package_version}})\\n\\","<!-- utility2-comment\\n\\","    </a>\\n\\","utility2-comment -->\\n\\","</h1>\\n\\","<h3>{{env.npm_package_description}}</h3>\\n\\","<!-- utility2-comment\\n\\","<h4><a download href=\"assets.app.js\">download standalone app</a></h4>\\n\\","<button class=\"onclick onreset\" id=\"testRunButton1\">run internal test</button><br>\\n\\","<div id=\"testReportDiv1\" style=\"display: none;\"></div>\\n\\","utility2-comment -->\\n\\","\\n\\","\\n\\","\\n\\","<label>stderr and stdout</label>\\n\\","<textarea class=\"resettable\" id=\"outputTextareaStdout1\" readonly></textarea>\\n\\","<!-- utility2-comment\\n\\","{{#if isRollup}}\\n\\","<script src=\"assets.app.js\"></script>\\n\\","{{#unless isRollup}}\\n\\","utility2-comment -->\\n\\","<script src=\"assets.utility2.rollup.js\"></script>\\n\\","<script src=\"jsonp.utility2._stateInit?callback=window.utility2._stateInit\"></script>\\n\\","<script src=\"assets.npmtest_react_sparklines.rollup.js\"></script>\\n\\","<script src=\"assets.example.js\"></script>\\n\\","<script src=\"assets.test.js\"></script>\\n\\","<!-- utility2-comment\\n\\","{{/if isRollup}}\\n\\","utility2-comment -->\\n\\","<div class=\"utility2FooterDiv\">\\n\\","    [ this app was created with\\n\\","    <a href=\"https://github.com/kaizhu256/node-utility2\" target=\"_blank\">utility2</a>\\n\\","    ]\\n\\","</div>\\n\\","</body>\\n\\","</html>\\n\\","';","        /* jslint-ignore-end */","        if (local.templateRender) {","            local.assetsDict['/'] = local.templateRender(","                local.assetsDict['/assets.index.template.html'],","                {","                    env: local.objectSetDefault(local.env, {","                        npm_package_description: 'the greatest app in the world!',","                        npm_package_name: 'my-app',","                        npm_package_nameAlias: 'my_app',","                        npm_package_version: '0.0.1'","                    })","                }","            );","        } else {","            local.assetsDict['/'] = local.assetsDict['/assets.index.template.html']","                .replace((/\\{\\{env\\.(\\w+?)\\}\\}/g), function (match0, match1) {","                    // jslint-hack","                    String(match0);","                    switch (match1) {","                    case 'npm_package_description':","                        return 'the greatest app in the world!';","                    case 'npm_package_name':","                        return 'my-app';","                    case 'npm_package_nameAlias':","                        return 'my_app';","                    case 'npm_package_version':","                        return '0.0.1';","                    }","                });","        }","        // run the cli","        if (local.global.utility2_rollup || module !== require.main) {","            break;","        }","        local.assetsDict['/assets.example.js'] =","            local.assetsDict['/assets.example.js'] ||","            local.fs.readFileSync(__filename, 'utf8');","        // bug-workaround - long $npm_package_buildCustomOrg","        /* jslint-ignore-begin */","        local.assetsDict['/assets.npmtest_react_sparklines.rollup.js'] =","            local.assetsDict['/assets.npmtest_react_sparklines.rollup.js'] ||","            local.fs.readFileSync(","                local.npmtest_react_sparklines.__dirname + '/lib.npmtest_react_sparklines.js',","                'utf8'","            ).replace((/^#!/), '//');","        /* jslint-ignore-end */","        local.assetsDict['/favicon.ico'] = local.assetsDict['/favicon.ico'] || '';","        // if $npm_config_timeout_exit exists,","        // then exit this process after $npm_config_timeout_exit ms","        if (Number(process.env.npm_config_timeout_exit)) {","            setTimeout(process.exit, Number(process.env.npm_config_timeout_exit));","        }","        // start server","        if (local.global.utility2_serverHttp1) {","            break;","        }","        process.env.PORT = process.env.PORT || '8081';","        console.error('server starting on port ' + process.env.PORT);","        local.http.createServer(function (request, response) {","            request.urlParsed = local.url.parse(request.url);","            if (local.assetsDict[request.urlParsed.pathname] !== undefined) {","                response.end(local.assetsDict[request.urlParsed.pathname]);","                return;","            }","            response.statusCode = 404;","            response.end();","        }).listen(process.env.PORT);","        break;","    }","}());",""],"l":{"26":2,"28":2,"33":2,"35":2,"37":2,"38":2,"39":2,"44":1,"51":2,"55":2,"59":2,"61":2,"69":1,"70":2,"76":2,"79":2,"82":2,"83":2,"85":1,"89":2,"92":1,"93":1,"94":1,"96":1,"97":1,"100":1,"101":1,"103":1,"106":1,"108":2,"114":1,"116":1,"118":1,"123":1,"124":2,"125":2,"126":3,"127":3,"128":3,"129":3,"130":1,"133":3,"134":3,"139":3,"143":1,"144":3,"145":1,"149":1,"150":1,"158":1,"160":1,"161":1,"162":1,"164":1,"166":1,"258":1,"259":1,"271":1,"274":6,"275":6,"277":1,"279":2,"281":1,"283":2,"288":1,"289":1,"291":1,"296":1,"303":1,"306":1,"307":1,"310":1,"311":1,"313":1,"314":1,"315":1,"316":1,"317":1,"318":1,"319":1,"321":1,"322":1,"324":1}},"/home/travis/build/npmtest/node-npmtest-react-sparklines/node_modules/react-sparklines/build/index.js":{"path":"/home/travis/build/npmtest/node-npmtest-react-sparklines/node_modules/react-sparklines/build/index.js","s":{"1":1,"2":1,"3":1,"4":0,"5":0,"6":0,"7":0,"8":0,"9":1,"10":1,"11":1,"12":35,"13":13,"14":22,"15":22,"16":22,"17":22,"18":1,"19":1,"20":1,"21":1,"22":1,"23":1,"24":1,"25":0,"26":0,"27":1,"28":1,"29":0,"30":1,"31":1,"32":0,"33":1,"34":1,"35":1,"36":1,"37":1,"38":1,"39":0,"40":0,"41":0,"42":0,"43":0,"44":1,"45":1,"46":1,"47":1,"48":1,"49":1,"50":2,"51":2,"52":2,"53":2,"54":2,"55":2,"56":1,"57":1,"58":1,"59":1,"60":0,"61":1,"62":1,"63":1,"64":1,"65":1,"66":1,"67":1,"68":1,"69":1,"70":1,"71":1,"72":1,"73":1,"74":1,"75":1,"76":1,"77":1,"78":1,"79":1,"80":1,"81":9,"82":1,"83":0,"84":0,"85":1,"86":0,"87":0,"88":0,"89":1,"90":1,"91":0,"92":1,"93":1,"94":1,"95":1,"96":1,"97":1,"98":0,"99":0,"100":1,"101":0,"102":0,"103":0,"104":0,"105":0,"106":0,"107":0,"108":0,"109":0,"110":0,"111":0,"112":0,"113":0,"114":0,"115":0,"116":0,"117":0,"118":0,"119":0,"120":0,"121":0,"122":0,"123":0,"124":1,"125":1,"126":1,"127":1,"128":1,"129":1,"130":1,"131":1,"132":1,"133":1,"134":1,"135":1,"136":1,"137":1,"138":1,"139":1,"140":1,"141":1,"142":1,"143":1,"144":1,"145":1,"146":1,"147":1,"148":0,"149":1,"150":1,"151":1,"152":1,"153":1,"154":1,"155":0,"156":0,"157":1,"158":0,"159":0,"160":0,"161":1,"162":1,"163":0,"164":1,"165":1,"166":1,"167":1,"168":1,"169":1,"170":0,"171":0,"172":1,"173":0,"174":0,"175":0,"176":0,"177":0,"178":0,"179":0,"180":0,"181":0,"182":1,"183":1,"184":1,"185":1,"186":1,"187":1,"188":1,"189":1,"190":1,"191":1,"192":1,"193":1,"194":1,"195":1,"196":1,"197":1,"198":1,"199":1,"200":0,"201":1,"202":1,"203":1,"204":1,"205":1,"206":1,"207":0,"208":0,"209":1,"210":0,"211":0,"212":0,"213":1,"214":1,"215":0,"216":1,"217":1,"218":1,"219":1,"220":1,"221":1,"222":0,"223":0,"224":1,"225":0,"226":0,"227":0,"228":0,"229":0,"230":0,"231":0,"232":0,"233":0,"234":0,"235":0,"236":0,"237":0,"238":0,"239":0,"240":0,"241":0,"242":0,"243":0,"244":0,"245":0,"246":0,"247":0,"248":0,"249":0,"250":0,"251":1,"252":1,"253":1,"254":1,"255":1,"256":1,"257":1,"258":1,"259":1,"260":1,"261":1,"262":1,"263":1,"264":1,"265":1,"266":1,"267":1,"268":1,"269":0,"270":1,"271":1,"272":1,"273":1,"274":1,"275":1,"276":0,"277":0,"278":1,"279":0,"280":0,"281":0,"282":1,"283":1,"284":0,"285":1,"286":1,"287":1,"288":1,"289":1,"290":1,"291":0,"292":0,"293":1,"294":0,"295":0,"296":0,"297":0,"298":0,"299":0,"300":0,"301":0,"302":0,"303":0,"304":0,"305":0,"306":0,"307":0,"308":0,"309":1,"310":1,"311":1,"312":1,"313":1,"314":1,"315":1,"316":1,"317":1,"318":1,"319":1,"320":1,"321":1,"322":1,"323":1,"324":1,"325":1,"326":1,"327":0,"328":1,"329":1,"330":1,"331":1,"332":1,"333":1,"334":1,"335":1,"336":3,"337":1,"338":0,"339":0,"340":1,"341":0,"342":0,"343":0,"344":1,"345":1,"346":0,"347":1,"348":1,"349":1,"350":1,"351":1,"352":1,"353":0,"354":0,"355":1,"356":0,"357":0,"358":0,"359":0,"360":0,"361":0,"362":0,"363":0,"364":0,"365":1,"366":1,"367":1,"368":1,"369":1,"370":1,"371":1,"372":1,"373":1,"374":1,"375":1,"376":1,"377":1,"378":1,"379":1,"380":1,"381":1,"382":1,"383":0,"384":1,"385":1,"386":1,"387":1,"388":1,"389":1,"390":1,"391":1,"392":0,"393":0,"394":0,"395":0,"396":0,"397":0,"398":0,"399":1,"400":1,"401":1,"402":0,"403":0,"404":1,"405":0,"406":0,"407":0,"408":1,"409":1,"410":0,"411":1,"412":1,"413":1,"414":1,"415":1,"416":1,"417":0,"418":0,"419":1,"420":0,"421":0,"422":0,"423":0,"424":0,"425":0,"426":0,"427":0,"428":0,"429":0,"430":1,"431":1,"432":1,"433":1,"434":1,"435":1,"436":1,"437":1,"438":2,"439":2,"440":2,"441":2,"442":2,"443":2,"444":1,"445":1,"446":1,"447":1,"448":0,"449":1,"450":1,"451":1,"452":1,"453":1,"454":1,"455":0,"456":0,"457":1,"458":0,"459":0,"460":0,"461":1,"462":1,"463":0,"464":1,"465":1,"466":1,"467":1,"468":1,"469":1,"470":0,"471":0,"472":1,"473":0,"474":0,"475":0,"476":0,"477":0,"478":0,"479":0,"480":0,"481":0,"482":0,"483":0,"484":0,"485":0,"486":1,"487":1,"488":1,"489":1,"490":1,"491":1,"492":1,"493":1,"494":1,"495":1,"496":2,"497":1,"498":0,"499":0,"500":0,"501":0,"502":0,"503":0,"504":0,"505":0,"506":0,"507":0,"508":0,"509":0,"510":0,"511":0,"512":0,"513":0,"514":0,"515":0,"516":0,"517":1,"518":1,"519":1,"520":1,"521":1,"522":1,"523":1,"524":1,"525":1,"526":1,"527":1,"528":1,"529":1,"530":1,"531":1,"532":6,"533":1,"534":1,"535":1,"536":1,"537":1,"538":1,"539":1,"540":1,"541":1,"542":1,"543":0,"544":0,"545":1,"546":1,"547":1,"548":1,"549":1,"550":1,"551":2,"552":1,"553":0,"554":1,"555":1,"556":1,"557":1,"558":1,"559":1,"560":0,"561":0,"562":0,"563":0,"564":1,"565":1,"566":0,"567":0,"568":0,"569":1,"570":0,"571":0,"572":0,"573":0,"574":0,"575":0,"576":0,"577":0,"578":0,"579":0,"580":0,"581":0,"582":1,"583":1,"584":1,"585":1,"586":0,"587":1,"588":1},"b":{"1":[1,0],"2":[1,1],"3":[0,0],"4":[0,0],"5":[0,0],"6":[13,22],"7":[1,0],"8":[1,1],"9":[2,2],"10":[2,0],"11":[1,0],"12":[0,1],"13":[7,2],"14":[9,9],"15":[0,0],"16":[0,0],"17":[0,0],"18":[0,0,0],"19":[0,1],"20":[1,0],"21":[1,1],"22":[1,0],"23":[1,0],"24":[0,0],"25":[0,0],"26":[0,0],"27":[1,1],"28":[1,0],"29":[1,0],"30":[0,1],"31":[0,1],"32":[1,1],"33":[0,0],"34":[0,0],"35":[0,0],"36":[0,0,0],"37":[0,1],"38":[1,0],"39":[1,1],"40":[1,0],"41":[1,0],"42":[0,0,0],"43":[0,0],"44":[0,0],"45":[0,0],"46":[1,1],"47":[1,0],"48":[1,0],"49":[0,1],"50":[0,1],"51":[1,1],"52":[0,0],"53":[0,0],"54":[0,0],"55":[0,0,0],"56":[0,1],"57":[1,0],"58":[1,1],"59":[1,0],"60":[1,0],"61":[0,0],"62":[0,0],"63":[0,0,0],"64":[0,0],"65":[0,0],"66":[0,0],"67":[0,0],"68":[0,0],"69":[0,0,0],"70":[1,1],"71":[1,0],"72":[1,0],"73":[0,1],"74":[0,1],"75":[1,1],"76":[0,0],"77":[0,0],"78":[0,0],"79":[0,0,0],"80":[0,1],"81":[1,0],"82":[1,1],"83":[1,0],"84":[1,0],"85":[0,0,0],"86":[0,0],"87":[0,0],"88":[0,0],"89":[0,0],"90":[0,0],"91":[0,0,0],"92":[1,1],"93":[1,0],"94":[1,0],"95":[0,1],"96":[2,1],"97":[3,3],"98":[0,0],"99":[0,0],"100":[0,0],"101":[0,0,0],"102":[0,1],"103":[1,0],"104":[1,1],"105":[1,0],"106":[1,0],"107":[1,1],"108":[1,0],"109":[1,0],"110":[0,1],"111":[1,0],"112":[1,1],"113":[0,0],"114":[0,0],"115":[0,1],"116":[1,1],"117":[0,0],"118":[0,0],"119":[0,0],"120":[0,0,0],"121":[0,1],"122":[1,0],"123":[1,1],"124":[1,0],"125":[1,0],"126":[0,0],"127":[2,2],"128":[2,0],"129":[1,0],"130":[0,1],"131":[0,1],"132":[1,1],"133":[0,0],"134":[0,0],"135":[0,0],"136":[0,0,0],"137":[0,1],"138":[1,0],"139":[1,1],"140":[1,0],"141":[1,0],"142":[0,0],"143":[0,0],"144":[0,0],"145":[0,0],"146":[0,0],"147":[2,0],"148":[2,2],"149":[0,0],"150":[0,0],"151":[0,0],"152":[0,0],"153":[0,0],"154":[0,0],"155":[0,0],"156":[0,0],"157":[0,0],"158":[0,0],"159":[0,0],"160":[6,0],"161":[6,6],"162":[2,0],"163":[2,2],"164":[1,0],"165":[1,1],"166":[0,0],"167":[0,0],"168":[0,0],"169":[0,0],"170":[0,0],"171":[0,0,0,0],"172":[0,0],"173":[0,0],"174":[0,0],"175":[0,0]},"f":{"1":1,"2":1,"3":1,"4":35,"5":1,"6":1,"7":0,"8":0,"9":1,"10":0,"11":1,"12":0,"13":1,"14":1,"15":0,"16":0,"17":1,"18":1,"19":1,"20":1,"21":1,"22":9,"23":0,"24":0,"25":1,"26":1,"27":0,"28":0,"29":0,"30":0,"31":1,"32":1,"33":1,"34":1,"35":1,"36":0,"37":0,"38":1,"39":1,"40":0,"41":0,"42":0,"43":1,"44":1,"45":1,"46":1,"47":1,"48":0,"49":0,"50":1,"51":1,"52":0,"53":0,"54":0,"55":0,"56":0,"57":1,"58":1,"59":1,"60":1,"61":1,"62":0,"63":0,"64":1,"65":1,"66":0,"67":0,"68":0,"69":0,"70":1,"71":1,"72":1,"73":1,"74":3,"75":0,"76":0,"77":1,"78":1,"79":0,"80":0,"81":0,"82":1,"83":1,"84":1,"85":1,"86":1,"87":1,"88":0,"89":0,"90":1,"91":1,"92":0,"93":0,"94":0,"95":1,"96":1,"97":1,"98":1,"99":1,"100":0,"101":0,"102":1,"103":1,"104":0,"105":0,"106":0,"107":0,"108":1,"109":2,"110":0,"111":0,"112":1,"113":6,"114":1,"115":0,"116":0,"117":1,"118":2,"119":0,"120":1,"121":1,"122":0,"123":0,"124":1,"125":0,"126":0,"127":1,"128":1,"129":0,"130":1},"fnMap":{"1":{"name":"webpackUniversalModuleDefinition","line":1,"loc":{"start":{"line":1,"column":1},"end":{"line":1,"column":58}}},"2":{"name":"(anonymous_2)","line":10,"loc":{"start":{"line":10,"column":9},"end":{"line":10,"column":49}}},"3":{"name":"(anonymous_3)","line":11,"loc":{"start":{"line":11,"column":17},"end":{"line":11,"column":35}}},"4":{"name":"__webpack_require__","line":16,"loc":{"start":{"line":16,"column":10},"end":{"line":16,"column":49}}},"5":{"name":"(anonymous_5)","line":55,"loc":{"start":{"line":55,"column":6},"end":{"line":55,"column":32}}},"6":{"name":"(anonymous_6)","line":61,"loc":{"start":{"line":61,"column":6},"end":{"line":61,"column":32}}},"7":{"name":"(anonymous_7)","line":69,"loc":{"start":{"line":69,"column":19},"end":{"line":69,"column":35}}},"8":{"name":"(anonymous_8)","line":70,"loc":{"start":{"line":70,"column":24},"end":{"line":70,"column":40}}},"9":{"name":"(anonymous_9)","line":77,"loc":{"start":{"line":77,"column":6},"end":{"line":77,"column":32}}},"10":{"name":"(anonymous_10)","line":85,"loc":{"start":{"line":85,"column":19},"end":{"line":85,"column":35}}},"11":{"name":"(anonymous_11)","line":91,"loc":{"start":{"line":91,"column":6},"end":{"line":91,"column":32}}},"12":{"name":"(anonymous_12)","line":99,"loc":{"start":{"line":99,"column":19},"end":{"line":99,"column":35}}},"13":{"name":"(anonymous_13)","line":105,"loc":{"start":{"line":105,"column":6},"end":{"line":105,"column":53}}},"14":{"name":"_interopRequireDefault","line":117,"loc":{"start":{"line":117,"column":1},"end":{"line":117,"column":38}}},"15":{"name":"(anonymous_15)","line":119,"loc":{"start":{"line":119,"column":19},"end":{"line":119,"column":35}}},"16":{"name":"(anonymous_16)","line":121,"loc":{"start":{"line":121,"column":27},"end":{"line":121,"column":40}}},"17":{"name":"(anonymous_17)","line":130,"loc":{"start":{"line":130,"column":6},"end":{"line":130,"column":53}}},"18":{"name":"(anonymous_18)","line":138,"loc":{"start":{"line":138,"column":6},"end":{"line":138,"column":53}}},"19":{"name":"(anonymous_19)","line":147,"loc":{"start":{"line":147,"column":20},"end":{"line":147,"column":32}}},"20":{"name":"defineProperties","line":147,"loc":{"start":{"line":147,"column":34},"end":{"line":147,"column":75}}},"21":{"name":"(anonymous_21)","line":147,"loc":{"start":{"line":147,"column":358},"end":{"line":147,"column":406}}},"22":{"name":"_interopRequireDefault","line":185,"loc":{"start":{"line":185,"column":1},"end":{"line":185,"column":38}}},"23":{"name":"_classCallCheck","line":187,"loc":{"start":{"line":187,"column":1},"end":{"line":187,"column":49}}},"24":{"name":"_possibleConstructorReturn","line":189,"loc":{"start":{"line":189,"column":1},"end":{"line":189,"column":49}}},"25":{"name":"_inherits","line":191,"loc":{"start":{"line":191,"column":1},"end":{"line":191,"column":42}}},"26":{"name":"(anonymous_26)","line":193,"loc":{"start":{"line":193,"column":18},"end":{"line":193,"column":46}}},"27":{"name":"Sparklines","line":196,"loc":{"start":{"line":196,"column":5},"end":{"line":196,"column":32}}},"28":{"name":"shouldComponentUpdate","line":204,"loc":{"start":{"line":204,"column":16},"end":{"line":204,"column":58}}},"29":{"name":"render","line":209,"loc":{"start":{"line":209,"column":16},"end":{"line":209,"column":34}}},"30":{"name":"(anonymous_30)","line":235,"loc":{"start":{"line":235,"column":67},"end":{"line":235,"column":84}}},"31":{"name":"(anonymous_31)","line":276,"loc":{"start":{"line":276,"column":6},"end":{"line":276,"column":53}}},"32":{"name":"(anonymous_32)","line":284,"loc":{"start":{"line":284,"column":20},"end":{"line":284,"column":32}}},"33":{"name":"defineProperties","line":284,"loc":{"start":{"line":284,"column":34},"end":{"line":284,"column":75}}},"34":{"name":"(anonymous_34)","line":284,"loc":{"start":{"line":284,"column":358},"end":{"line":284,"column":406}}},"35":{"name":"_interopRequireDefault","line":290,"loc":{"start":{"line":290,"column":1},"end":{"line":290,"column":38}}},"36":{"name":"_classCallCheck","line":292,"loc":{"start":{"line":292,"column":1},"end":{"line":292,"column":49}}},"37":{"name":"_possibleConstructorReturn","line":294,"loc":{"start":{"line":294,"column":1},"end":{"line":294,"column":49}}},"38":{"name":"_inherits","line":296,"loc":{"start":{"line":296,"column":1},"end":{"line":296,"column":42}}},"39":{"name":"(anonymous_39)","line":298,"loc":{"start":{"line":298,"column":22},"end":{"line":298,"column":50}}},"40":{"name":"SparklinesBars","line":301,"loc":{"start":{"line":301,"column":5},"end":{"line":301,"column":31}}},"41":{"name":"render","line":309,"loc":{"start":{"line":309,"column":16},"end":{"line":309,"column":34}}},"42":{"name":"(anonymous_42)","line":322,"loc":{"start":{"line":322,"column":28},"end":{"line":322,"column":44}}},"43":{"name":"(anonymous_43)","line":351,"loc":{"start":{"line":351,"column":6},"end":{"line":351,"column":53}}},"44":{"name":"(anonymous_44)","line":359,"loc":{"start":{"line":359,"column":20},"end":{"line":359,"column":32}}},"45":{"name":"defineProperties","line":359,"loc":{"start":{"line":359,"column":34},"end":{"line":359,"column":75}}},"46":{"name":"(anonymous_46)","line":359,"loc":{"start":{"line":359,"column":358},"end":{"line":359,"column":406}}},"47":{"name":"_interopRequireDefault","line":365,"loc":{"start":{"line":365,"column":1},"end":{"line":365,"column":38}}},"48":{"name":"_classCallCheck","line":367,"loc":{"start":{"line":367,"column":1},"end":{"line":367,"column":49}}},"49":{"name":"_possibleConstructorReturn","line":369,"loc":{"start":{"line":369,"column":1},"end":{"line":369,"column":49}}},"50":{"name":"_inherits","line":371,"loc":{"start":{"line":371,"column":1},"end":{"line":371,"column":42}}},"51":{"name":"(anonymous_51)","line":373,"loc":{"start":{"line":373,"column":23},"end":{"line":373,"column":51}}},"52":{"name":"SparklinesCurve","line":376,"loc":{"start":{"line":376,"column":5},"end":{"line":376,"column":32}}},"53":{"name":"render","line":384,"loc":{"start":{"line":384,"column":16},"end":{"line":384,"column":34}}},"54":{"name":"curve","line":396,"loc":{"start":{"line":396,"column":25},"end":{"line":396,"column":43}}},"55":{"name":"(anonymous_55)","line":419,"loc":{"start":{"line":419,"column":41},"end":{"line":419,"column":54}}},"56":{"name":"(anonymous_56)","line":421,"loc":{"start":{"line":421,"column":23},"end":{"line":421,"column":39}}},"57":{"name":"(anonymous_57)","line":464,"loc":{"start":{"line":464,"column":6},"end":{"line":464,"column":53}}},"58":{"name":"(anonymous_58)","line":472,"loc":{"start":{"line":472,"column":20},"end":{"line":472,"column":32}}},"59":{"name":"defineProperties","line":472,"loc":{"start":{"line":472,"column":34},"end":{"line":472,"column":75}}},"60":{"name":"(anonymous_60)","line":472,"loc":{"start":{"line":472,"column":358},"end":{"line":472,"column":406}}},"61":{"name":"_interopRequireDefault","line":478,"loc":{"start":{"line":478,"column":1},"end":{"line":478,"column":38}}},"62":{"name":"_classCallCheck","line":480,"loc":{"start":{"line":480,"column":1},"end":{"line":480,"column":49}}},"63":{"name":"_possibleConstructorReturn","line":482,"loc":{"start":{"line":482,"column":1},"end":{"line":482,"column":49}}},"64":{"name":"_inherits","line":484,"loc":{"start":{"line":484,"column":1},"end":{"line":484,"column":42}}},"65":{"name":"(anonymous_65)","line":486,"loc":{"start":{"line":486,"column":22},"end":{"line":486,"column":50}}},"66":{"name":"SparklinesLine","line":489,"loc":{"start":{"line":489,"column":5},"end":{"line":489,"column":31}}},"67":{"name":"render","line":497,"loc":{"start":{"line":497,"column":16},"end":{"line":497,"column":34}}},"68":{"name":"(anonymous_68)","line":507,"loc":{"start":{"line":507,"column":41},"end":{"line":507,"column":54}}},"69":{"name":"(anonymous_69)","line":509,"loc":{"start":{"line":509,"column":23},"end":{"line":509,"column":39}}},"70":{"name":"(anonymous_70)","line":552,"loc":{"start":{"line":552,"column":6},"end":{"line":552,"column":53}}},"71":{"name":"(anonymous_71)","line":560,"loc":{"start":{"line":560,"column":20},"end":{"line":560,"column":32}}},"72":{"name":"defineProperties","line":560,"loc":{"start":{"line":560,"column":34},"end":{"line":560,"column":75}}},"73":{"name":"(anonymous_73)","line":560,"loc":{"start":{"line":560,"column":358},"end":{"line":560,"column":406}}},"74":{"name":"_interopRequireDefault","line":574,"loc":{"start":{"line":574,"column":1},"end":{"line":574,"column":38}}},"75":{"name":"_classCallCheck","line":576,"loc":{"start":{"line":576,"column":1},"end":{"line":576,"column":49}}},"76":{"name":"_possibleConstructorReturn","line":578,"loc":{"start":{"line":578,"column":1},"end":{"line":578,"column":49}}},"77":{"name":"_inherits","line":580,"loc":{"start":{"line":580,"column":1},"end":{"line":580,"column":42}}},"78":{"name":"(anonymous_78)","line":582,"loc":{"start":{"line":582,"column":28},"end":{"line":582,"column":56}}},"79":{"name":"SparklinesNormalBand","line":585,"loc":{"start":{"line":585,"column":5},"end":{"line":585,"column":37}}},"80":{"name":"render","line":593,"loc":{"start":{"line":593,"column":16},"end":{"line":593,"column":34}}},"81":{"name":"(anonymous_81)","line":600,"loc":{"start":{"line":600,"column":38},"end":{"line":600,"column":51}}},"82":{"name":"(anonymous_82)","line":625,"loc":{"start":{"line":625,"column":6},"end":{"line":625,"column":53}}},"83":{"name":"(anonymous_83)","line":633,"loc":{"start":{"line":633,"column":20},"end":{"line":633,"column":32}}},"84":{"name":"defineProperties","line":633,"loc":{"start":{"line":633,"column":34},"end":{"line":633,"column":75}}},"85":{"name":"(anonymous_85)","line":633,"loc":{"start":{"line":633,"column":358},"end":{"line":633,"column":406}}},"86":{"name":"_interopRequireWildcard","line":643,"loc":{"start":{"line":643,"column":1},"end":{"line":643,"column":39}}},"87":{"name":"_interopRequireDefault","line":645,"loc":{"start":{"line":645,"column":1},"end":{"line":645,"column":38}}},"88":{"name":"_classCallCheck","line":647,"loc":{"start":{"line":647,"column":1},"end":{"line":647,"column":49}}},"89":{"name":"_possibleConstructorReturn","line":649,"loc":{"start":{"line":649,"column":1},"end":{"line":649,"column":49}}},"90":{"name":"_inherits","line":651,"loc":{"start":{"line":651,"column":1},"end":{"line":651,"column":42}}},"91":{"name":"(anonymous_91)","line":653,"loc":{"start":{"line":653,"column":31},"end":{"line":653,"column":59}}},"92":{"name":"SparklinesReferenceLine","line":656,"loc":{"start":{"line":656,"column":5},"end":{"line":656,"column":40}}},"93":{"name":"render","line":664,"loc":{"start":{"line":664,"column":16},"end":{"line":664,"column":34}}},"94":{"name":"(anonymous_94)","line":673,"loc":{"start":{"line":673,"column":38},"end":{"line":673,"column":51}}},"95":{"name":"(anonymous_95)","line":701,"loc":{"start":{"line":701,"column":6},"end":{"line":701,"column":53}}},"96":{"name":"(anonymous_96)","line":709,"loc":{"start":{"line":709,"column":20},"end":{"line":709,"column":32}}},"97":{"name":"defineProperties","line":709,"loc":{"start":{"line":709,"column":34},"end":{"line":709,"column":75}}},"98":{"name":"(anonymous_98)","line":709,"loc":{"start":{"line":709,"column":358},"end":{"line":709,"column":406}}},"99":{"name":"_interopRequireDefault","line":715,"loc":{"start":{"line":715,"column":1},"end":{"line":715,"column":38}}},"100":{"name":"_classCallCheck","line":717,"loc":{"start":{"line":717,"column":1},"end":{"line":717,"column":49}}},"101":{"name":"_possibleConstructorReturn","line":719,"loc":{"start":{"line":719,"column":1},"end":{"line":719,"column":49}}},"102":{"name":"_inherits","line":721,"loc":{"start":{"line":721,"column":1},"end":{"line":721,"column":42}}},"103":{"name":"(anonymous_103)","line":723,"loc":{"start":{"line":723,"column":23},"end":{"line":723,"column":51}}},"104":{"name":"SparklinesSpots","line":726,"loc":{"start":{"line":726,"column":5},"end":{"line":726,"column":32}}},"105":{"name":"lastDirection","line":734,"loc":{"start":{"line":734,"column":16},"end":{"line":734,"column":47}}},"106":{"name":"(anonymous_106)","line":736,"loc":{"start":{"line":736,"column":38},"end":{"line":736,"column":51}}},"107":{"name":"render","line":744,"loc":{"start":{"line":744,"column":16},"end":{"line":744,"column":34}}},"108":{"name":"(anonymous_108)","line":795,"loc":{"start":{"line":795,"column":6},"end":{"line":795,"column":53}}},"109":{"name":"_interopRequireDefault","line":811,"loc":{"start":{"line":811,"column":1},"end":{"line":811,"column":38}}},"110":{"name":"(anonymous_110)","line":813,"loc":{"start":{"line":813,"column":19},"end":{"line":813,"column":35}}},"111":{"name":"(anonymous_111)","line":837,"loc":{"start":{"line":837,"column":21},"end":{"line":837,"column":37}}},"112":{"name":"(anonymous_112)","line":847,"loc":{"start":{"line":847,"column":6},"end":{"line":847,"column":53}}},"113":{"name":"_interopRequireDefault","line":880,"loc":{"start":{"line":880,"column":1},"end":{"line":880,"column":38}}},"114":{"name":"(anonymous_114)","line":893,"loc":{"start":{"line":893,"column":6},"end":{"line":893,"column":32}}},"115":{"name":"(anonymous_115)","line":901,"loc":{"start":{"line":901,"column":19},"end":{"line":901,"column":35}}},"116":{"name":"(anonymous_116)","line":902,"loc":{"start":{"line":902,"column":22},"end":{"line":902,"column":38}}},"117":{"name":"(anonymous_117)","line":909,"loc":{"start":{"line":909,"column":6},"end":{"line":909,"column":53}}},"118":{"name":"_interopRequireDefault","line":925,"loc":{"start":{"line":925,"column":1},"end":{"line":925,"column":38}}},"119":{"name":"(anonymous_119)","line":927,"loc":{"start":{"line":927,"column":19},"end":{"line":927,"column":35}}},"120":{"name":"(anonymous_120)","line":933,"loc":{"start":{"line":933,"column":6},"end":{"line":933,"column":53}}},"121":{"name":"_interopRequireDefault","line":945,"loc":{"start":{"line":945,"column":1},"end":{"line":945,"column":38}}},"122":{"name":"(anonymous_122)","line":947,"loc":{"start":{"line":947,"column":19},"end":{"line":947,"column":35}}},"123":{"name":"(anonymous_123)","line":949,"loc":{"start":{"line":949,"column":23},"end":{"line":949,"column":36}}},"124":{"name":"(anonymous_124)","line":957,"loc":{"start":{"line":957,"column":6},"end":{"line":957,"column":32}}},"125":{"name":"is","line":981,"loc":{"start":{"line":981,"column":1},"end":{"line":981,"column":19}}},"126":{"name":"shallowEqual","line":998,"loc":{"start":{"line":998,"column":1},"end":{"line":998,"column":35}}},"127":{"name":"(anonymous_127)","line":1028,"loc":{"start":{"line":1028,"column":6},"end":{"line":1028,"column":53}}},"128":{"name":"(anonymous_128)","line":1034,"loc":{"start":{"line":1034,"column":6},"end":{"line":1034,"column":53}}},"129":{"name":"shallowCompare","line":1055,"loc":{"start":{"line":1055,"column":1},"end":{"line":1055,"column":57}}},"130":{"name":"(anonymous_130)","line":1063,"loc":{"start":{"line":1063,"column":6},"end":{"line":1063,"column":53}}}},"statementMap":{"1":{"start":{"line":1,"column":0},"end":{"line":1070,"column":3}},"2":{"start":{"line":2,"column":1},"end":{"line":9,"column":51}},"3":{"start":{"line":3,"column":2},"end":{"line":3,"column":45}},"4":{"start":{"line":4,"column":6},"end":{"line":9,"column":51}},"5":{"start":{"line":5,"column":2},"end":{"line":5,"column":29}},"6":{"start":{"line":6,"column":6},"end":{"line":9,"column":51}},"7":{"start":{"line":7,"column":2},"end":{"line":7,"column":57}},"8":{"start":{"line":9,"column":2},"end":{"line":9,"column":51}},"9":{"start":{"line":11,"column":0},"end":{"line":1069,"column":11}},"10":{"start":{"line":13,"column":10},"end":{"line":13,"column":36}},"11":{"start":{"line":16,"column":10},"end":{"line":37,"column":11}},"12":{"start":{"line":19,"column":11},"end":{"line":20,"column":54}},"13":{"start":{"line":20,"column":12},"end":{"line":20,"column":54}},"14":{"start":{"line":23,"column":11},"end":{"line":27,"column":13}},"15":{"start":{"line":30,"column":11},"end":{"line":30,"column":95}},"16":{"start":{"line":33,"column":11},"end":{"line":33,"column":27}},"17":{"start":{"line":36,"column":11},"end":{"line":36,"column":33}},"18":{"start":{"line":41,"column":10},"end":{"line":41,"column":42}},"19":{"start":{"line":44,"column":10},"end":{"line":44,"column":51}},"20":{"start":{"line":47,"column":10},"end":{"line":47,"column":38}},"21":{"start":{"line":50,"column":10},"end":{"line":50,"column":65}},"22":{"start":{"line":57,"column":1},"end":{"line":57,"column":48}},"23":{"start":{"line":65,"column":1},"end":{"line":67,"column":4}},"24":{"start":{"line":69,"column":1},"end":{"line":73,"column":3}},"25":{"start":{"line":70,"column":5},"end":{"line":72,"column":22}},"26":{"start":{"line":71,"column":9},"end":{"line":71,"column":22}},"27":{"start":{"line":81,"column":1},"end":{"line":83,"column":4}},"28":{"start":{"line":85,"column":1},"end":{"line":87,"column":3}},"29":{"start":{"line":86,"column":5},"end":{"line":86,"column":39}},"30":{"start":{"line":95,"column":1},"end":{"line":97,"column":4}},"31":{"start":{"line":99,"column":1},"end":{"line":101,"column":3}},"32":{"start":{"line":100,"column":5},"end":{"line":100,"column":39}},"33":{"start":{"line":109,"column":1},"end":{"line":111,"column":4}},"34":{"start":{"line":113,"column":1},"end":{"line":113,"column":36}},"35":{"start":{"line":115,"column":1},"end":{"line":115,"column":44}},"36":{"start":{"line":117,"column":1},"end":{"line":117,"column":96}},"37":{"start":{"line":117,"column":40},"end":{"line":117,"column":94}},"38":{"start":{"line":119,"column":1},"end":{"line":126,"column":3}},"39":{"start":{"line":120,"column":5},"end":{"line":120,"column":46}},"40":{"start":{"line":121,"column":5},"end":{"line":123,"column":8}},"41":{"start":{"line":122,"column":9},"end":{"line":122,"column":42}},"42":{"start":{"line":124,"column":5},"end":{"line":124,"column":49}},"43":{"start":{"line":125,"column":5},"end":{"line":125,"column":33}},"44":{"start":{"line":134,"column":1},"end":{"line":134,"column":41}},"45":{"start":{"line":142,"column":1},"end":{"line":144,"column":4}},"46":{"start":{"line":145,"column":1},"end":{"line":145,"column":199}},"47":{"start":{"line":147,"column":1},"end":{"line":147,"column":565}},"48":{"start":{"line":147,"column":34},"end":{"line":147,"column":350}},"49":{"start":{"line":147,"column":77},"end":{"line":147,"column":348}},"50":{"start":{"line":147,"column":118},"end":{"line":147,"column":144}},"51":{"start":{"line":147,"column":145},"end":{"line":147,"column":200}},"52":{"start":{"line":147,"column":201},"end":{"line":147,"column":232}},"53":{"start":{"line":147,"column":233},"end":{"line":147,"column":287}},"54":{"start":{"line":147,"column":260},"end":{"line":147,"column":287}},"55":{"start":{"line":147,"column":288},"end":{"line":147,"column":346}},"56":{"start":{"line":147,"column":351},"end":{"line":147,"column":560}},"57":{"start":{"line":147,"column":408},"end":{"line":147,"column":476}},"58":{"start":{"line":147,"column":424},"end":{"line":147,"column":476}},"59":{"start":{"line":147,"column":477},"end":{"line":147,"column":537}},"60":{"start":{"line":147,"column":494},"end":{"line":147,"column":537}},"61":{"start":{"line":147,"column":538},"end":{"line":147,"column":557}},"62":{"start":{"line":149,"column":1},"end":{"line":149,"column":37}},"63":{"start":{"line":151,"column":1},"end":{"line":151,"column":46}},"64":{"start":{"line":153,"column":1},"end":{"line":153,"column":46}},"65":{"start":{"line":155,"column":1},"end":{"line":155,"column":64}},"66":{"start":{"line":157,"column":1},"end":{"line":157,"column":47}},"67":{"start":{"line":159,"column":1},"end":{"line":159,"column":66}},"68":{"start":{"line":161,"column":1},"end":{"line":161,"column":46}},"69":{"start":{"line":163,"column":1},"end":{"line":163,"column":64}},"70":{"start":{"line":165,"column":1},"end":{"line":165,"column":48}},"71":{"start":{"line":167,"column":1},"end":{"line":167,"column":66}},"72":{"start":{"line":169,"column":1},"end":{"line":169,"column":56}},"73":{"start":{"line":171,"column":1},"end":{"line":171,"column":82}},"74":{"start":{"line":173,"column":1},"end":{"line":173,"column":53}},"75":{"start":{"line":175,"column":1},"end":{"line":175,"column":76}},"76":{"start":{"line":177,"column":1},"end":{"line":177,"column":45}},"77":{"start":{"line":179,"column":1},"end":{"line":179,"column":60}},"78":{"start":{"line":181,"column":1},"end":{"line":181,"column":58}},"79":{"start":{"line":183,"column":1},"end":{"line":183,"column":86}},"80":{"start":{"line":185,"column":1},"end":{"line":185,"column":96}},"81":{"start":{"line":185,"column":40},"end":{"line":185,"column":94}},"82":{"start":{"line":187,"column":1},"end":{"line":187,"column":154}},"83":{"start":{"line":187,"column":51},"end":{"line":187,"column":152}},"84":{"start":{"line":187,"column":93},"end":{"line":187,"column":150}},"85":{"start":{"line":189,"column":1},"end":{"line":189,"column":241}},"86":{"start":{"line":189,"column":51},"end":{"line":189,"column":152}},"87":{"start":{"line":189,"column":64},"end":{"line":189,"column":150}},"88":{"start":{"line":189,"column":153},"end":{"line":189,"column":239}},"89":{"start":{"line":191,"column":1},"end":{"line":191,"column":495}},"90":{"start":{"line":191,"column":44},"end":{"line":191,"column":209}},"91":{"start":{"line":191,"column":107},"end":{"line":191,"column":207}},"92":{"start":{"line":191,"column":210},"end":{"line":191,"column":374}},"93":{"start":{"line":191,"column":375},"end":{"line":191,"column":493}},"94":{"start":{"line":191,"column":391},"end":{"line":191,"column":493}},"95":{"start":{"line":193,"column":1},"end":{"line":243,"column":30}},"96":{"start":{"line":194,"column":5},"end":{"line":194,"column":45}},"97":{"start":{"line":196,"column":5},"end":{"line":200,"column":6}},"98":{"start":{"line":197,"column":9},"end":{"line":197,"column":43}},"99":{"start":{"line":199,"column":9},"end":{"line":199,"column":102}},"100":{"start":{"line":202,"column":5},"end":{"line":240,"column":9}},"101":{"start":{"line":205,"column":13},"end":{"line":205,"column":78}},"102":{"start":{"line"
[...]
gth; i++) { var descriptor = props[i]; descriptor.enumerable = descriptor.enumerable || false; descriptor.configurable = true; if (\"value\" in descriptor) descriptor.writable = true; Object.defineProperty(target, descriptor.key, descriptor); } } return function (Constructor, protoProps, staticProps) { if (protoProps) defineProperties(Constructor.prototype, protoProps); if (staticProps) defineProperties(Constructor, staticProps); return Constructor; }; }();","","\tvar _react = __webpack_require__(0);","","\tvar _react2 = _interopRequireDefault(_react);","","\tvar _dataProcessing = __webpack_require__(14);","","\tvar dataProcessing = _interopRequireWildcard(_dataProcessing);","","\tfunction _interopRequireWildcard(obj) { if (obj && obj.__esModule) { return obj; } else { var newObj = {}; if (obj != null) { for (var key in obj) { if (Object.prototype.hasOwnProperty.call(obj, key)) newObj[key] = obj[key]; } } newObj.default = obj; return newObj; } }","","\tfunction _interopRequireDefault(obj) { return obj && obj.__esModule ? obj : { default: obj }; }","","\tfunction _classCallCheck(instance, Constructor) { if (!(instance instanceof Constructor)) { throw new TypeError(\"Cannot call a class as a function\"); } }","","\tfunction _possibleConstructorReturn(self, call) { if (!self) { throw new ReferenceError(\"this hasn't been initialised - super() hasn't been called\"); } return call && (typeof call === \"object\" || typeof call === \"function\") ? call : self; }","","\tfunction _inherits(subClass, superClass) { if (typeof superClass !== \"function\" && superClass !== null) { throw new TypeError(\"Super expression must either be null or a function, not \" + typeof superClass); } subClass.prototype = Object.create(superClass && superClass.prototype, { constructor: { value: subClass, enumerable: false, writable: true, configurable: true } }); if (superClass) Object.setPrototypeOf ? Object.setPrototypeOf(subClass, superClass) : subClass.__proto__ = superClass; }","","\tvar SparklinesReferenceLine = function (_React$Component) {","\t    _inherits(SparklinesReferenceLine, _React$Component);","","\t    function SparklinesReferenceLine() {","\t        _classCallCheck(this, SparklinesReferenceLine);","","\t        return _possibleConstructorReturn(this, Object.getPrototypeOf(SparklinesReferenceLine).apply(this, arguments));","\t    }","","\t    _createClass(SparklinesReferenceLine, [{","\t        key: 'render',","\t        value: function render() {","\t            var _props = this.props;","\t            var points = _props.points;","\t            var margin = _props.margin;","\t            var type = _props.type;","\t            var style = _props.style;","\t            var value = _props.value;","","","\t            var ypoints = points.map(function (p) {","\t                return p.y;","\t            });","\t            var y = type == 'custom' ? value : dataProcessing[type](ypoints);","","\t            return _react2.default.createElement('line', {","\t                x1: points[0].x, y1: y + margin,","\t                x2: points[points.length - 1].x, y2: y + margin,","\t                style: style });","\t        }","\t    }]);","","\t    return SparklinesReferenceLine;","\t}(_react2.default.Component);","","\tSparklinesReferenceLine.propTypes = {","\t    type: _react2.default.PropTypes.oneOf(['max', 'min', 'mean', 'avg', 'median', 'custom']),","\t    value: _react2.default.PropTypes.number,","\t    style: _react2.default.PropTypes.object","\t};","\tSparklinesReferenceLine.defaultProps = {","\t    type: 'mean',","\t    style: { stroke: 'red', strokeOpacity: .75, strokeDasharray: '2, 2' }","\t};","\texports.default = SparklinesReferenceLine;","","/***/ },","/* 12 */","/***/ function(module, exports, __webpack_require__) {","","\t'use strict';","","\tObject.defineProperty(exports, \"__esModule\", {","\t    value: true","\t});","","\tvar _createClass = function () { function defineProperties(target, props) { for (var i = 0; i < props.length; i++) { var descriptor = props[i]; descriptor.enumerable = descriptor.enumerable || false; descriptor.configurable = true; if (\"value\" in descriptor) descriptor.writable = true; Object.defineProperty(target, descriptor.key, descriptor); } } return function (Constructor, protoProps, staticProps) { if (protoProps) defineProperties(Constructor.prototype, protoProps); if (staticProps) defineProperties(Constructor, staticProps); return Constructor; }; }();","","\tvar _react = __webpack_require__(0);","","\tvar _react2 = _interopRequireDefault(_react);","","\tfunction _interopRequireDefault(obj) { return obj && obj.__esModule ? obj : { default: obj }; }","","\tfunction _classCallCheck(instance, Constructor) { if (!(instance instanceof Constructor)) { throw new TypeError(\"Cannot call a class as a function\"); } }","","\tfunction _possibleConstructorReturn(self, call) { if (!self) { throw new ReferenceError(\"this hasn't been initialised - super() hasn't been called\"); } return call && (typeof call === \"object\" || typeof call === \"function\") ? call : self; }","","\tfunction _inherits(subClass, superClass) { if (typeof superClass !== \"function\" && superClass !== null) { throw new TypeError(\"Super expression must either be null or a function, not \" + typeof superClass); } subClass.prototype = Object.create(superClass && superClass.prototype, { constructor: { value: subClass, enumerable: false, writable: true, configurable: true } }); if (superClass) Object.setPrototypeOf ? Object.setPrototypeOf(subClass, superClass) : subClass.__proto__ = superClass; }","","\tvar SparklinesSpots = function (_React$Component) {","\t    _inherits(SparklinesSpots, _React$Component);","","\t    function SparklinesSpots() {","\t        _classCallCheck(this, SparklinesSpots);","","\t        return _possibleConstructorReturn(this, Object.getPrototypeOf(SparklinesSpots).apply(this, arguments));","\t    }","","\t    _createClass(SparklinesSpots, [{","\t        key: 'lastDirection',","\t        value: function lastDirection(points) {","","\t            Math.sign = Math.sign || function (x) {","\t                return x > 0 ? 1 : -1;","\t            };","","\t            return points.length < 2 ? 0 : Math.sign(points[points.length - 2].y - points[points.length - 1].y);","\t        }","\t    }, {","\t        key: 'render',","\t        value: function render() {","\t            var _props = this.props;","\t            var points = _props.points;","\t            var width = _props.width;","\t            var height = _props.height;","\t            var size = _props.size;","\t            var style = _props.style;","\t            var spotColors = _props.spotColors;","","","\t            var startSpot = _react2.default.createElement('circle', {","\t                cx: points[0].x,","\t                cy: points[0].y,","\t                r: size,","\t                style: style });","","\t            var endSpot = _react2.default.createElement('circle', {","\t                cx: points[points.length - 1].x,","\t                cy: points[points.length - 1].y,","\t                r: size,","\t                style: style || { fill: spotColors[this.lastDirection(points)] } });","","\t            return _react2.default.createElement(","\t                'g',","\t                null,","\t                style && startSpot,","\t                endSpot","\t            );","\t        }","\t    }]);","","\t    return SparklinesSpots;","\t}(_react2.default.Component);","","\tSparklinesSpots.propTypes = {","\t    size: _react2.default.PropTypes.number,","\t    style: _react2.default.PropTypes.object,","\t    spotColors: _react2.default.PropTypes.object","\t};","\tSparklinesSpots.defaultProps = {","\t    size: 2,","\t    spotColors: {","\t        '-1': 'red',","\t        '0': 'black',","\t        '1': 'green'","\t    }","\t};","\texports.default = SparklinesSpots;","","/***/ },","/* 13 */","/***/ function(module, exports, __webpack_require__) {","","\t'use strict';","","\tObject.defineProperty(exports, \"__esModule\", {","\t    value: true","\t});","","\tvar _min = __webpack_require__(2);","","\tvar _min2 = _interopRequireDefault(_min);","","\tvar _max = __webpack_require__(3);","","\tvar _max2 = _interopRequireDefault(_max);","","\tfunction _interopRequireDefault(obj) { return obj && obj.__esModule ? obj : { default: obj }; }","","\texports.default = function (_ref) {","\t    var data = _ref.data;","\t    var limit = _ref.limit;","\t    var _ref$width = _ref.width;","\t    var width = _ref$width === undefined ? 1 : _ref$width;","\t    var _ref$height = _ref.height;","\t    var height = _ref$height === undefined ? 1 : _ref$height;","\t    var _ref$margin = _ref.margin;","\t    var margin = _ref$margin === undefined ? 0 : _ref$margin;","\t    var _ref$max = _ref.max;","\t    var max = _ref$max === undefined ? (0, _max2.default)(data) : _ref$max;","\t    var _ref$min = _ref.min;","\t    var min = _ref$min === undefined ? (0, _min2.default)(data) : _ref$min;","","","\t    var len = data.length;","","\t    if (limit && limit < len) {","\t        data = data.slice(len - limit);","\t    }","","\t    var vfactor = (height - margin * 2) / (max - min || 2);","\t    var hfactor = (width - margin * 2) / ((limit || len) - (len > 1 ? 1 : 0));","","\t    return data.map(function (d, i) {","\t        return {","\t            x: i * hfactor + margin,","\t            y: (max === min ? 1 : max - d) * vfactor + margin","\t        };","\t    });","\t};","","/***/ },","/* 14 */","/***/ function(module, exports, __webpack_require__) {","","\t'use strict';","","\tObject.defineProperty(exports, \"__esModule\", {","\t  value: true","\t});","\texports.variance = exports.stdev = exports.median = exports.midRange = exports.avg = exports.mean = exports.max = exports.min = undefined;","","\tvar _min2 = __webpack_require__(2);","","\tvar _min3 = _interopRequireDefault(_min2);","","\tvar _mean2 = __webpack_require__(1);","","\tvar _mean3 = _interopRequireDefault(_mean2);","","\tvar _midRange2 = __webpack_require__(16);","","\tvar _midRange3 = _interopRequireDefault(_midRange2);","","\tvar _median2 = __webpack_require__(15);","","\tvar _median3 = _interopRequireDefault(_median2);","","\tvar _stdev2 = __webpack_require__(4);","","\tvar _stdev3 = _interopRequireDefault(_stdev2);","","\tvar _variance2 = __webpack_require__(17);","","\tvar _variance3 = _interopRequireDefault(_variance2);","","\tfunction _interopRequireDefault(obj) { return obj && obj.__esModule ? obj : { default: obj }; }","","\texports.min = _min3.default;","\texports.max = _min3.default;","\texports.mean = _mean3.default;","\texports.avg = _mean3.default;","\texports.midRange = _midRange3.default;","\texports.median = _median3.default;","\texports.stdev = _stdev3.default;","\texports.variance = _variance3.default;","","/***/ },","/* 15 */","/***/ function(module, exports) {","","\t\"use strict\";","","\tObject.defineProperty(exports, \"__esModule\", {","\t    value: true","\t});","","\texports.default = function (data) {","\t    return data.sort(function (a, b) {","\t        return a - b;","\t    })[Math.floor(data.length / 2)];","\t};","","/***/ },","/* 16 */","/***/ function(module, exports, __webpack_require__) {","","\t'use strict';","","\tObject.defineProperty(exports, \"__esModule\", {","\t    value: true","\t});","","\tvar _min = __webpack_require__(2);","","\tvar _min2 = _interopRequireDefault(_min);","","\tvar _max = __webpack_require__(3);","","\tvar _max2 = _interopRequireDefault(_max);","","\tfunction _interopRequireDefault(obj) { return obj && obj.__esModule ? obj : { default: obj }; }","","\texports.default = function (data) {","\t    return (0, _max2.default)(data) - (0, _min2.default)(data) / 2;","\t};","","/***/ },","/* 17 */","/***/ function(module, exports, __webpack_require__) {","","\t'use strict';","","\tObject.defineProperty(exports, \"__esModule\", {","\t    value: true","\t});","","\tvar _mean = __webpack_require__(1);","","\tvar _mean2 = _interopRequireDefault(_mean);","","\tfunction _interopRequireDefault(obj) { return obj && obj.__esModule ? obj : { default: obj }; }","","\texports.default = function (data) {","\t    var dataMean = (0, _mean2.default)(data);","\t    var sq = data.map(function (n) {","\t        return Math.pow(n - dataMean, 2);","\t    });","\t    return (0, _mean2.default)(sq);","\t};","","/***/ },","/* 18 */","/***/ function(module, exports) {","","\t/**","\t * Copyright (c) 2013-present, Facebook, Inc.","\t * All rights reserved.","\t *","\t * This source code is licensed under the BSD-style license found in the","\t * LICENSE file in the root directory of this source tree. An additional grant","\t * of patent rights can be found in the PATENTS file in the same directory.","\t *","\t * @typechecks","\t * ","\t */","","\t/*eslint-disable no-self-compare */","","\t'use strict';","","\tvar hasOwnProperty = Object.prototype.hasOwnProperty;","","\t/**","\t * inlined Object.is polyfill to avoid requiring consumers ship their own","\t * https://developer.mozilla.org/en-US/docs/Web/JavaScript/Reference/Global_Objects/Object/is","\t */","\tfunction is(x, y) {","\t  // SameValue algorithm","\t  if (x === y) {","\t    // Steps 1-5, 7-10","\t    // Steps 6.b-6.e: +0 != -0","\t    return x !== 0 || 1 / x === 1 / y;","\t  } else {","\t    // Step 6.a: NaN == NaN","\t    return x !== x && y !== y;","\t  }","\t}","","\t/**","\t * Performs equality by iterating through keys on an object and returning false","\t * when any key has values which are not strictly equal between the arguments.","\t * Returns true when the values of all keys are strictly equal.","\t */","\tfunction shallowEqual(objA, objB) {","\t  if (is(objA, objB)) {","\t    return true;","\t  }","","\t  if (typeof objA !== 'object' || objA === null || typeof objB !== 'object' || objB === null) {","\t    return false;","\t  }","","\t  var keysA = Object.keys(objA);","\t  var keysB = Object.keys(objB);","","\t  if (keysA.length !== keysB.length) {","\t    return false;","\t  }","","\t  // Test for A's keys different from B.","\t  for (var i = 0; i < keysA.length; i++) {","\t    if (!hasOwnProperty.call(objB, keysA[i]) || !is(objA[keysA[i]], objB[keysA[i]])) {","\t      return false;","\t    }","\t  }","","\t  return true;","\t}","","\tmodule.exports = shallowEqual;","","/***/ },","/* 19 */","/***/ function(module, exports, __webpack_require__) {","","\tmodule.exports = __webpack_require__(20);","","/***/ },","/* 20 */","/***/ function(module, exports, __webpack_require__) {","","\t/**","\t * Copyright 2013-present, Facebook, Inc.","\t * All rights reserved.","\t *","\t * This source code is licensed under the BSD-style license found in the","\t * LICENSE file in the root directory of this source tree. An additional grant","\t * of patent rights can be found in the PATENTS file in the same directory.","\t *","\t* @providesModule shallowCompare","\t*/","","\t'use strict';","","\tvar shallowEqual = __webpack_require__(18);","","\t/**","\t * Does a shallow comparison for props and state.","\t * See ReactComponentWithPureRenderMixin","\t */","\tfunction shallowCompare(instance, nextProps, nextState) {","\t  return !shallowEqual(instance.props, nextProps) || !shallowEqual(instance.state, nextState);","\t}","","\tmodule.exports = shallowCompare;","","/***/ },","/* 21 */","/***/ function(module, exports, __webpack_require__) {","","\tmodule.exports = __webpack_require__(5);","","","/***/ }","/******/ ])","});",";"],"l":{"1":1,"2":1,"3":1,"4":0,"5":0,"6":0,"7":0,"9":0,"11":1,"13":1,"16":1,"19":35,"20":13,"23":22,"30":22,"33":22,"36":22,"41":1,"44":1,"47":1,"50":1,"57":1,"65":1,"69":1,"70":0,"71":0,"81":1,"85":1,"86":0,"95":1,"99":1,"100":0,"109":1,"113":1,"115":1,"117":1,"119":1,"120":0,"121":0,"122":0,"124":0,"125":0,"134":1,"142":1,"145":1,"147":2,"149":1,"151":1,"153":1,"155":1,"157":1,"159":1,"161":1,"163":1,"165":1,"167":1,"169":1,"171":1,"173":1,"175":1,"177":1,"179":1,"181":1,"183":1,"185":9,"187":1,"189":1,"191":1,"193":1,"194":1,"196":1,"197":0,"199":0,"202":1,"205":0,"210":0,"211":0,"212":0,"213":0,"214":0,"215":0,"216":0,"217":0,"218":0,"219":0,"220":0,"221":0,"224":0,"226":0,"228":0,"229":0,"230":0,"232":0,"236":0,"242":1,"245":1,"258":1,"266":1,"267":1,"268":1,"269":1,"270":1,"271":1,"272":1,"280":1,"284":1,"286":1,"288":1,"290":1,"292":1,"294":1,"296":1,"298":1,"299":1,"301":1,"302":0,"304":0,"307":1,"310":0,"311":0,"312":0,"313":0,"314":0,"316":0,"317":0,"319":0,"323":0,"335":1,"338":1,"344":1,"347":1,"355":1,"359":1,"361":1,"363":1,"365":1,"367":1,"369":1,"371":1,"373":1,"374":1,"376":1,"377":0,"379":0,"382":1,"385":0,"386":0,"387":0,"388":0,"389":0,"390":0,"391":0,"392":0,"393":0,"395":0,"396":0,"397":0,"398":0,"399":0,"401":0,"402":0,"416":0,"417":0,"419":0,"420":0,"422":0,"424":0,"425":0,"427":0,"434":0,"441":0,"450":1,"453":1,"457":1,"460":1,"468":1,"472":1,"474":1,"476":1,"478":1,"480":1,"482":1,"484":1,"486":1,"487":1,"489":1,"490":0,"492":0,"495":1,"498":0,"499":0,"500":0,"501":0,"502":0,"503":0,"504":0,"507":0,"508":0,"510":0,"512":0,"513":0,"515":0,"522":0,"529":0,"538":1,"541":1,"545":1,"548":1,"556":1,"560":1,"562":1,"564":1,"566":1,"568":1,"570":1,"572":1,"574":3,"576":1,"578":1,"580":1,"582":1,"583":1,"585":1,"586":0,"588":0,"591":1,"594":0,"595":0,"596":0,"597":0,"600":0,"601":0,"603":0,"604":0,"606":0,"612":1,"615":1,"618":1,"621":1,"629":1,"633":1,"635":1,"637":1,"639":1,"641":1,"643":1,"645":1,"647":1,"649":1,"651":1,"653":1,"654":1,"656":1,"657":0,"659":0,"662":1,"665":0,"666":0,"667":0,"668":0,"669":0,"670":0,"673":0,"674":0,"676":0,"678":0,"685":1,"688":1,"693":1,"697":1,"705":1,"709":2,"711":1,"713":1,"715":1,"717":1,"719":1,"721":1,"723":1,"724":1,"726":1,"727":0,"729":0,"732":1,"736":0,"737":0,"740":0,"745":0,"746":0,"747":0,"748":0,"749":0,"750":0,"751":0,"754":0,"760":0,"766":0,"775":1,"778":1,"783":1,"791":1,"799":1,"803":1,"805":1,"807":1,"809":1,"811":2,"813":1,"814":0,"815":0,"816":0,"817":0,"818":0,"819":0,"820":0,"821":0,"822":0,"823":0,"824":0,"825":0,"828":0,"830":0,"831":0,"834":0,"835":0,"837":0,"838":0,"851":1,"854":1,"856":1,"858":1,"860":1,"862":1,"864":1,"866":1,"868":1,"870":1,"872":1,"874":1,"876":1,"878":1,"880":6,"882":1,"883":1,"884":1,"885":1,"886":1,"887":1,"888":1,"889":1,"897":1,"901":1,"902":0,"903":0,"913":1,"917":1,"919":1,"921":1,"923":1,"925":2,"927":1,"928":0,"937":1,"941":1,"943":1,"945":1,"947":1,"948":0,"949":0,"950":0,"952":0,"975":1,"981":1,"983":0,"986":0,"989":0,"998":1,"999":0,"1000":0,"1003":0,"1004":0,"1007":0,"1008":0,"1010":0,"1011":0,"1015":0,"1016":0,"1017":0,"1021":0,"1024":1,"1030":1,"1049":1,"1055":1,"1056":0,"1059":1,"1065":1}},"/home/travis/build/npmtest/node-npmtest-react-sparklines/node_modules/react-sparklines/webpack.config.js":{"path":"/home/travis/build/npmtest/node-npmtest-react-sparklines/node_modules/react-sparklines/webpack.config.js","s":{"1":2,"2":2,"3":0},"b":{},"f":{},"fnMap":{},"statementMap":{"1":{"start":{"line":1,"column":0},"end":{"line":1,"column":27}},"2":{"start":{"line":2,"column":0},"end":{"line":2,"column":32}},"3":{"start":{"line":4,"column":0},"end":{"line":35,"column":2}}},"branchMap":{},"code":["var path = require('path');","var webpack = require('webpack')","","module.exports = {","    entry: {","        index: [","            './index.js'","        ]","    },","    output: {","        path: path.join(__dirname, 'build'),","        publicPath: '/',","        filename: '[name].js',","        library: 'ReactSparklines',","        libraryTarget: 'umd'","    },","    externals: {","        react: {","            root: 'React',","            commonjs2: 'react',","            commonjs: 'react',","            amd: 'react'","        }","    },","    module: {","        loaders: [{","            test: /\\.jsx?$/,","            exclude: /(node_modules)/,","            loader: 'babel'","        }]","    },","    resolve: {","        extensions: ['', '.js', '.jsx']","    }","};",""],"l":{"1":2,"2":2,"4":0}}}